[2025-09-21T07:29:10.234+0000] {taskinstance.py:1171} INFO - Dependencies all met for <TaskInstance: sql_to_elastic.dataCleaning manual__2025-09-21T07:29:04.807387+00:00 [queued]>
[2025-09-21T07:29:10.242+0000] {taskinstance.py:1171} INFO - Dependencies all met for <TaskInstance: sql_to_elastic.dataCleaning manual__2025-09-21T07:29:04.807387+00:00 [queued]>
[2025-09-21T07:29:10.243+0000] {taskinstance.py:1368} INFO - 
--------------------------------------------------------------------------------
[2025-09-21T07:29:10.243+0000] {taskinstance.py:1369} INFO - Starting attempt 1 of 1
[2025-09-21T07:29:10.243+0000] {taskinstance.py:1370} INFO - 
--------------------------------------------------------------------------------
[2025-09-21T07:29:10.254+0000] {taskinstance.py:1389} INFO - Executing <Task(PythonOperator): dataCleaning> on 2025-09-21 07:29:04.807387+00:00
[2025-09-21T07:29:10.263+0000] {standard_task_runner.py:52} INFO - Started process 525 to run task
[2025-09-21T07:29:10.266+0000] {standard_task_runner.py:79} INFO - Running: ['***', 'tasks', 'run', 'sql_to_elastic', 'dataCleaning', 'manual__2025-09-21T07:29:04.807387+00:00', '--job-id', '7', '--raw', '--subdir', 'DAGS_FOLDER/dag.py', '--cfg-path', '/tmp/tmphxx3663w', '--error-file', '/tmp/tmpd5pmju10']
[2025-09-21T07:29:10.267+0000] {standard_task_runner.py:80} INFO - Job 7: Subtask dataCleaning
[2025-09-21T07:29:10.394+0000] {task_command.py:371} INFO - Running <TaskInstance: sql_to_elastic.dataCleaning manual__2025-09-21T07:29:04.807387+00:00 [running]> on host 05976e0e19d1
[2025-09-21T07:29:10.477+0000] {taskinstance.py:1583} INFO - Exporting the following env vars:
AIRFLOW_CTX_DAG_OWNER=***
AIRFLOW_CTX_DAG_ID=sql_to_elastic
AIRFLOW_CTX_TASK_ID=dataCleaning
AIRFLOW_CTX_EXECUTION_DATE=2025-09-21T07:29:04.807387+00:00
AIRFLOW_CTX_TRY_NUMBER=1
AIRFLOW_CTX_DAG_RUN_ID=manual__2025-09-21T07:29:04.807387+00:00
[2025-09-21T07:29:10.606+0000] {python.py:173} INFO - Done. Returned value was: None
[2025-09-21T07:29:10.622+0000] {taskinstance.py:1412} INFO - Marking task as SUCCESS. dag_id=sql_to_elastic, task_id=dataCleaning, execution_date=20250921T072904, start_date=20250921T072910, end_date=20250921T072910
[2025-09-21T07:29:10.653+0000] {local_task_job.py:156} INFO - Task exited with return code 0
[2025-09-21T07:29:10.697+0000] {local_task_job.py:279} INFO - 1 downstream tasks scheduled from follow-on schedule check
