[2025-09-20T08:49:31.689+0000] {taskinstance.py:1171} INFO - Dependencies all met for <TaskInstance: sql_to_elastic.dataCleaning scheduled__2024-11-30T09:10:00+00:00 [queued]>
[2025-09-20T08:49:32.110+0000] {taskinstance.py:1171} INFO - Dependencies all met for <TaskInstance: sql_to_elastic.dataCleaning scheduled__2024-11-30T09:10:00+00:00 [queued]>
[2025-09-20T08:49:32.118+0000] {taskinstance.py:1368} INFO - 
--------------------------------------------------------------------------------
[2025-09-20T08:49:32.118+0000] {taskinstance.py:1369} INFO - Starting attempt 1 of 2
[2025-09-20T08:49:32.119+0000] {taskinstance.py:1370} INFO - 
--------------------------------------------------------------------------------
[2025-09-20T08:49:32.321+0000] {taskinstance.py:1389} INFO - Executing <Task(PythonOperator): dataCleaning> on 2024-11-30 09:10:00+00:00
[2025-09-20T08:49:32.501+0000] {standard_task_runner.py:52} INFO - Started process 1158 to run task
[2025-09-20T08:49:32.584+0000] {standard_task_runner.py:79} INFO - Running: ['***', 'tasks', 'run', 'sql_to_elastic', 'dataCleaning', 'scheduled__2024-11-30T09:10:00+00:00', '--job-id', '32', '--raw', '--subdir', 'DAGS_FOLDER/dag.py', '--cfg-path', '/tmp/tmpm5wjqhj6', '--error-file', '/tmp/tmpkbhuj_ku']
[2025-09-20T08:49:32.632+0000] {standard_task_runner.py:80} INFO - Job 32: Subtask dataCleaning
[2025-09-20T08:49:34.534+0000] {task_command.py:371} INFO - Running <TaskInstance: sql_to_elastic.dataCleaning scheduled__2024-11-30T09:10:00+00:00 [running]> on host 564f5208acb9
[2025-09-20T08:49:36.045+0000] {taskinstance.py:1583} INFO - Exporting the following env vars:
AIRFLOW_CTX_DAG_OWNER=***
AIRFLOW_CTX_DAG_ID=sql_to_elastic
AIRFLOW_CTX_TASK_ID=dataCleaning
AIRFLOW_CTX_EXECUTION_DATE=2024-11-30T09:10:00+00:00
AIRFLOW_CTX_TRY_NUMBER=1
AIRFLOW_CTX_DAG_RUN_ID=scheduled__2024-11-30T09:10:00+00:00
[2025-09-20T08:49:36.240+0000] {python.py:173} INFO - Done. Returned value was: None
[2025-09-20T08:49:36.435+0000] {taskinstance.py:1412} INFO - Marking task as SUCCESS. dag_id=sql_to_elastic, task_id=dataCleaning, execution_date=20241130T091000, start_date=20250920T084931, end_date=20250920T084936
[2025-09-20T08:49:36.665+0000] {local_task_job.py:156} INFO - Task exited with return code 0
[2025-09-20T08:49:37.238+0000] {local_task_job.py:279} INFO - 0 downstream tasks scheduled from follow-on schedule check
