[2025-09-20T09:27:59.165+0000] {taskinstance.py:1171} INFO - Dependencies all met for <TaskInstance: sql_to_elastic.fetchDB manual__2025-09-20T09:27:57.278614+00:00 [queued]>
[2025-09-20T09:27:59.173+0000] {taskinstance.py:1171} INFO - Dependencies all met for <TaskInstance: sql_to_elastic.fetchDB manual__2025-09-20T09:27:57.278614+00:00 [queued]>
[2025-09-20T09:27:59.173+0000] {taskinstance.py:1368} INFO - 
--------------------------------------------------------------------------------
[2025-09-20T09:27:59.173+0000] {taskinstance.py:1369} INFO - Starting attempt 1 of 1
[2025-09-20T09:27:59.173+0000] {taskinstance.py:1370} INFO - 
--------------------------------------------------------------------------------
[2025-09-20T09:27:59.188+0000] {taskinstance.py:1389} INFO - Executing <Task(PythonOperator): fetchDB> on 2025-09-20 09:27:57.278614+00:00
[2025-09-20T09:27:59.199+0000] {standard_task_runner.py:52} INFO - Started process 2393 to run task
[2025-09-20T09:27:59.209+0000] {standard_task_runner.py:79} INFO - Running: ['***', 'tasks', 'run', 'sql_to_elastic', 'fetchDB', 'manual__2025-09-20T09:27:57.278614+00:00', '--job-id', '158', '--raw', '--subdir', 'DAGS_FOLDER/dag.py', '--cfg-path', '/tmp/tmp3gjjnqxk', '--error-file', '/tmp/tmpgmhncg31']
[2025-09-20T09:27:59.211+0000] {standard_task_runner.py:80} INFO - Job 158: Subtask fetchDB
[2025-09-20T09:27:59.296+0000] {task_command.py:371} INFO - Running <TaskInstance: sql_to_elastic.fetchDB manual__2025-09-20T09:27:57.278614+00:00 [running]> on host 564f5208acb9
[2025-09-20T09:27:59.356+0000] {taskinstance.py:1583} INFO - Exporting the following env vars:
AIRFLOW_CTX_DAG_OWNER=***
AIRFLOW_CTX_DAG_ID=sql_to_elastic
AIRFLOW_CTX_TASK_ID=fetchDB
AIRFLOW_CTX_EXECUTION_DATE=2025-09-20T09:27:57.278614+00:00
AIRFLOW_CTX_TRY_NUMBER=1
AIRFLOW_CTX_DAG_RUN_ID=manual__2025-09-20T09:27:57.278614+00:00
[2025-09-20T09:27:59.370+0000] {base.py:68} INFO - Using connection ID 'postgres_default' for task execution.
[2025-09-20T09:27:59.438+0000] {python.py:173} INFO - Done. Returned value was: None
[2025-09-20T09:27:59.447+0000] {taskinstance.py:1412} INFO - Marking task as SUCCESS. dag_id=sql_to_elastic, task_id=fetchDB, execution_date=20250920T092757, start_date=20250920T092759, end_date=20250920T092759
[2025-09-20T09:27:59.469+0000] {local_task_job.py:156} INFO - Task exited with return code 0
[2025-09-20T09:27:59.504+0000] {local_task_job.py:279} INFO - 1 downstream tasks scheduled from follow-on schedule check
