[2025-09-20T08:49:05.895+0000] {taskinstance.py:1171} INFO - Dependencies all met for <TaskInstance: sql_to_elastic.fetchDB scheduled__2024-11-23T09:20:00+00:00 [queued]>
[2025-09-20T08:49:06.117+0000] {taskinstance.py:1171} INFO - Dependencies all met for <TaskInstance: sql_to_elastic.fetchDB scheduled__2024-11-23T09:20:00+00:00 [queued]>
[2025-09-20T08:49:06.131+0000] {taskinstance.py:1368} INFO - 
--------------------------------------------------------------------------------
[2025-09-20T08:49:06.160+0000] {taskinstance.py:1369} INFO - Starting attempt 1 of 2
[2025-09-20T08:49:06.286+0000] {taskinstance.py:1370} INFO - 
--------------------------------------------------------------------------------
[2025-09-20T08:49:06.532+0000] {taskinstance.py:1389} INFO - Executing <Task(PythonOperator): fetchDB> on 2024-11-23 09:20:00+00:00
[2025-09-20T08:49:06.678+0000] {standard_task_runner.py:79} INFO - Running: ['***', 'tasks', 'run', 'sql_to_elastic', 'fetchDB', 'scheduled__2024-11-23T09:20:00+00:00', '--job-id', '15', '--raw', '--subdir', 'DAGS_FOLDER/dag.py', '--cfg-path', '/tmp/tmpl2j_4xy_', '--error-file', '/tmp/tmpgg7g418a']
[2025-09-20T08:49:06.682+0000] {standard_task_runner.py:52} INFO - Started process 1108 to run task
[2025-09-20T08:49:06.686+0000] {standard_task_runner.py:80} INFO - Job 15: Subtask fetchDB
[2025-09-20T08:49:07.136+0000] {task_command.py:371} INFO - Running <TaskInstance: sql_to_elastic.fetchDB scheduled__2024-11-23T09:20:00+00:00 [running]> on host 564f5208acb9
[2025-09-20T08:49:09.335+0000] {taskinstance.py:1583} INFO - Exporting the following env vars:
AIRFLOW_CTX_DAG_OWNER=***
AIRFLOW_CTX_DAG_ID=sql_to_elastic
AIRFLOW_CTX_TASK_ID=fetchDB
AIRFLOW_CTX_EXECUTION_DATE=2024-11-23T09:20:00+00:00
AIRFLOW_CTX_TRY_NUMBER=1
AIRFLOW_CTX_DAG_RUN_ID=scheduled__2024-11-23T09:20:00+00:00
[2025-09-20T08:49:09.839+0000] {python.py:173} INFO - Done. Returned value was: None
[2025-09-20T08:49:10.312+0000] {taskinstance.py:1412} INFO - Marking task as SUCCESS. dag_id=sql_to_elastic, task_id=fetchDB, execution_date=20241123T092000, start_date=20250920T084905, end_date=20250920T084910
[2025-09-20T08:49:10.741+0000] {local_task_job.py:156} INFO - Task exited with return code 0
[2025-09-20T08:49:12.333+0000] {local_task_job.py:279} INFO - 0 downstream tasks scheduled from follow-on schedule check
