[2025-09-20T08:49:31.339+0000] {taskinstance.py:1171} INFO - Dependencies all met for <TaskInstance: sql_to_elastic.saveToElastic manual__2025-09-20T08:48:45.298216+00:00 [queued]>
[2025-09-20T08:49:32.014+0000] {taskinstance.py:1171} INFO - Dependencies all met for <TaskInstance: sql_to_elastic.saveToElastic manual__2025-09-20T08:48:45.298216+00:00 [queued]>
[2025-09-20T08:49:32.049+0000] {taskinstance.py:1368} INFO - 
--------------------------------------------------------------------------------
[2025-09-20T08:49:32.050+0000] {taskinstance.py:1369} INFO - Starting attempt 1 of 2
[2025-09-20T08:49:32.059+0000] {taskinstance.py:1370} INFO - 
--------------------------------------------------------------------------------
[2025-09-20T08:49:32.410+0000] {taskinstance.py:1389} INFO - Executing <Task(PythonOperator): saveToElastic> on 2025-09-20 08:48:45.298216+00:00
[2025-09-20T08:49:32.524+0000] {standard_task_runner.py:52} INFO - Started process 1159 to run task
[2025-09-20T08:49:32.643+0000] {standard_task_runner.py:79} INFO - Running: ['***', 'tasks', 'run', 'sql_to_elastic', 'saveToElastic', 'manual__2025-09-20T08:48:45.298216+00:00', '--job-id', '31', '--raw', '--subdir', 'DAGS_FOLDER/dag.py', '--cfg-path', '/tmp/tmp3w095k83', '--error-file', '/tmp/tmphw7dvdfs']
[2025-09-20T08:49:32.706+0000] {standard_task_runner.py:80} INFO - Job 31: Subtask saveToElastic
[2025-09-20T08:49:33.634+0000] {task_command.py:371} INFO - Running <TaskInstance: sql_to_elastic.saveToElastic manual__2025-09-20T08:48:45.298216+00:00 [running]> on host 564f5208acb9
[2025-09-20T08:49:35.017+0000] {taskinstance.py:1583} INFO - Exporting the following env vars:
AIRFLOW_CTX_DAG_OWNER=***
AIRFLOW_CTX_DAG_ID=sql_to_elastic
AIRFLOW_CTX_TASK_ID=saveToElastic
AIRFLOW_CTX_EXECUTION_DATE=2025-09-20T08:48:45.298216+00:00
AIRFLOW_CTX_TRY_NUMBER=1
AIRFLOW_CTX_DAG_RUN_ID=manual__2025-09-20T08:48:45.298216+00:00
[2025-09-20T08:49:35.683+0000] {python.py:173} INFO - Done. Returned value was: None
[2025-09-20T08:49:35.822+0000] {taskinstance.py:1412} INFO - Marking task as SUCCESS. dag_id=sql_to_elastic, task_id=saveToElastic, execution_date=20250920T084845, start_date=20250920T084931, end_date=20250920T084935
[2025-09-20T08:49:36.086+0000] {local_task_job.py:156} INFO - Task exited with return code 0
[2025-09-20T08:49:37.380+0000] {local_task_job.py:279} INFO - 0 downstream tasks scheduled from follow-on schedule check
