[2025-09-20T08:49:33.380+0000] {taskinstance.py:1171} INFO - Dependencies all met for <TaskInstance: sql_to_elastic.dataCleaning scheduled__2024-11-23T09:30:00+00:00 [queued]>
[2025-09-20T08:49:33.494+0000] {taskinstance.py:1171} INFO - Dependencies all met for <TaskInstance: sql_to_elastic.dataCleaning scheduled__2024-11-23T09:30:00+00:00 [queued]>
[2025-09-20T08:49:33.498+0000] {taskinstance.py:1368} INFO - 
--------------------------------------------------------------------------------
[2025-09-20T08:49:33.499+0000] {taskinstance.py:1369} INFO - Starting attempt 1 of 2
[2025-09-20T08:49:33.501+0000] {taskinstance.py:1370} INFO - 
--------------------------------------------------------------------------------
[2025-09-20T08:49:33.886+0000] {taskinstance.py:1389} INFO - Executing <Task(PythonOperator): dataCleaning> on 2024-11-23 09:30:00+00:00
[2025-09-20T08:49:33.971+0000] {standard_task_runner.py:52} INFO - Started process 1163 to run task
[2025-09-20T08:49:34.503+0000] {standard_task_runner.py:79} INFO - Running: ['***', 'tasks', 'run', 'sql_to_elastic', 'dataCleaning', 'scheduled__2024-11-23T09:30:00+00:00', '--job-id', '35', '--raw', '--subdir', 'DAGS_FOLDER/dag.py', '--cfg-path', '/tmp/tmpfd1jv24w', '--error-file', '/tmp/tmp6qjxb_q4']
[2025-09-20T08:49:34.584+0000] {standard_task_runner.py:80} INFO - Job 35: Subtask dataCleaning
[2025-09-20T08:49:35.731+0000] {task_command.py:371} INFO - Running <TaskInstance: sql_to_elastic.dataCleaning scheduled__2024-11-23T09:30:00+00:00 [running]> on host 564f5208acb9
[2025-09-20T08:49:36.792+0000] {taskinstance.py:1583} INFO - Exporting the following env vars:
AIRFLOW_CTX_DAG_OWNER=***
AIRFLOW_CTX_DAG_ID=sql_to_elastic
AIRFLOW_CTX_TASK_ID=dataCleaning
AIRFLOW_CTX_EXECUTION_DATE=2024-11-23T09:30:00+00:00
AIRFLOW_CTX_TRY_NUMBER=1
AIRFLOW_CTX_DAG_RUN_ID=scheduled__2024-11-23T09:30:00+00:00
[2025-09-20T08:49:36.949+0000] {python.py:173} INFO - Done. Returned value was: None
[2025-09-20T08:49:37.144+0000] {taskinstance.py:1412} INFO - Marking task as SUCCESS. dag_id=sql_to_elastic, task_id=dataCleaning, execution_date=20241123T093000, start_date=20250920T084933, end_date=20250920T084937
[2025-09-20T08:49:37.669+0000] {local_task_job.py:156} INFO - Task exited with return code 0
[2025-09-20T08:49:39.520+0000] {local_task_job.py:279} INFO - 0 downstream tasks scheduled from follow-on schedule check
