[2025-09-22T01:27:35.002+0000] {taskinstance.py:1171} INFO - Dependencies all met for <TaskInstance: sql_to_elastic.dataCleaning scheduled__2025-09-20T09:10:00+00:00 [queued]>
[2025-09-22T01:27:35.071+0000] {taskinstance.py:1171} INFO - Dependencies all met for <TaskInstance: sql_to_elastic.dataCleaning scheduled__2025-09-20T09:10:00+00:00 [queued]>
[2025-09-22T01:27:35.073+0000] {taskinstance.py:1368} INFO - 
--------------------------------------------------------------------------------
[2025-09-22T01:27:35.074+0000] {taskinstance.py:1369} INFO - Starting attempt 1 of 2
[2025-09-22T01:27:35.075+0000] {taskinstance.py:1370} INFO - 
--------------------------------------------------------------------------------
[2025-09-22T01:27:35.126+0000] {taskinstance.py:1389} INFO - Executing <Task(PythonOperator): dataCleaning> on 2025-09-20 09:10:00+00:00
[2025-09-22T01:27:35.167+0000] {standard_task_runner.py:52} INFO - Started process 470 to run task
[2025-09-22T01:27:35.195+0000] {standard_task_runner.py:79} INFO - Running: ['***', 'tasks', 'run', 'sql_to_elastic', 'dataCleaning', 'scheduled__2025-09-20T09:10:00+00:00', '--job-id', '35', '--raw', '--subdir', 'DAGS_FOLDER/dag.py', '--cfg-path', '/tmp/tmpop_47kjp', '--error-file', '/tmp/tmp4cnuzhfl']
[2025-09-22T01:27:35.205+0000] {standard_task_runner.py:80} INFO - Job 35: Subtask dataCleaning
[2025-09-22T01:27:35.800+0000] {task_command.py:371} INFO - Running <TaskInstance: sql_to_elastic.dataCleaning scheduled__2025-09-20T09:10:00+00:00 [running]> on host 05976e0e19d1
[2025-09-22T01:27:36.688+0000] {taskinstance.py:1583} INFO - Exporting the following env vars:
AIRFLOW_CTX_DAG_OWNER=***
AIRFLOW_CTX_DAG_ID=sql_to_elastic
AIRFLOW_CTX_TASK_ID=dataCleaning
AIRFLOW_CTX_EXECUTION_DATE=2025-09-20T09:10:00+00:00
AIRFLOW_CTX_TRY_NUMBER=1
AIRFLOW_CTX_DAG_RUN_ID=scheduled__2025-09-20T09:10:00+00:00
[2025-09-22T01:27:37.842+0000] {python.py:173} INFO - Done. Returned value was: None
[2025-09-22T01:27:38.021+0000] {taskinstance.py:1412} INFO - Marking task as SUCCESS. dag_id=sql_to_elastic, task_id=dataCleaning, execution_date=20250920T091000, start_date=20250922T012735, end_date=20250922T012738
[2025-09-22T01:27:38.137+0000] {local_task_job.py:156} INFO - Task exited with return code 0
[2025-09-22T01:27:38.397+0000] {local_task_job.py:279} INFO - 1 downstream tasks scheduled from follow-on schedule check
