[2025-09-21T05:03:20.540+0000] {taskinstance.py:1171} INFO - Dependencies all met for <TaskInstance: sql_to_elastic.saveToElastic manual__2025-09-21T05:02:51.236472+00:00 [queued]>
[2025-09-21T05:03:20.563+0000] {taskinstance.py:1171} INFO - Dependencies all met for <TaskInstance: sql_to_elastic.saveToElastic manual__2025-09-21T05:02:51.236472+00:00 [queued]>
[2025-09-21T05:03:20.563+0000] {taskinstance.py:1368} INFO - 
--------------------------------------------------------------------------------
[2025-09-21T05:03:20.564+0000] {taskinstance.py:1369} INFO - Starting attempt 1 of 1
[2025-09-21T05:03:20.564+0000] {taskinstance.py:1370} INFO - 
--------------------------------------------------------------------------------
[2025-09-21T05:03:20.619+0000] {taskinstance.py:1389} INFO - Executing <Task(PythonOperator): saveToElastic> on 2025-09-21 05:02:51.236472+00:00
[2025-09-21T05:03:20.644+0000] {standard_task_runner.py:52} INFO - Started process 7285 to run task
[2025-09-21T05:03:20.675+0000] {standard_task_runner.py:79} INFO - Running: ['***', 'tasks', 'run', 'sql_to_elastic', 'saveToElastic', 'manual__2025-09-21T05:02:51.236472+00:00', '--job-id', '4', '--raw', '--subdir', 'DAGS_FOLDER/dag.py', '--cfg-path', '/tmp/tmpfld2irny', '--error-file', '/tmp/tmpwi0kdc52']
[2025-09-21T05:03:20.685+0000] {standard_task_runner.py:80} INFO - Job 4: Subtask saveToElastic
[2025-09-21T05:03:20.933+0000] {task_command.py:371} INFO - Running <TaskInstance: sql_to_elastic.saveToElastic manual__2025-09-21T05:02:51.236472+00:00 [running]> on host c1677bc828a5
[2025-09-21T05:03:21.403+0000] {taskinstance.py:1583} INFO - Exporting the following env vars:
AIRFLOW_CTX_DAG_OWNER=***
AIRFLOW_CTX_DAG_ID=sql_to_elastic
AIRFLOW_CTX_TASK_ID=saveToElastic
AIRFLOW_CTX_EXECUTION_DATE=2025-09-21T05:02:51.236472+00:00
AIRFLOW_CTX_TRY_NUMBER=1
AIRFLOW_CTX_DAG_RUN_ID=manual__2025-09-21T05:02:51.236472+00:00
[2025-09-21T05:03:21.505+0000] {python.py:173} INFO - Done. Returned value was: None
[2025-09-21T05:03:21.585+0000] {taskinstance.py:1412} INFO - Marking task as SUCCESS. dag_id=sql_to_elastic, task_id=saveToElastic, execution_date=20250921T050251, start_date=20250921T050320, end_date=20250921T050321
[2025-09-21T05:03:21.700+0000] {local_task_job.py:156} INFO - Task exited with return code 0
[2025-09-21T05:03:21.856+0000] {local_task_job.py:279} INFO - 0 downstream tasks scheduled from follow-on schedule check
