[2025-09-22T01:25:27.163+0000] {taskinstance.py:1171} INFO - Dependencies all met for <TaskInstance: sql_to_elastic.fetchDB manual__2025-09-22T01:25:22.680437+00:00 [queued]>
[2025-09-22T01:25:27.172+0000] {taskinstance.py:1171} INFO - Dependencies all met for <TaskInstance: sql_to_elastic.fetchDB manual__2025-09-22T01:25:22.680437+00:00 [queued]>
[2025-09-22T01:25:27.172+0000] {taskinstance.py:1368} INFO - 
--------------------------------------------------------------------------------
[2025-09-22T01:25:27.172+0000] {taskinstance.py:1369} INFO - Starting attempt 1 of 1
[2025-09-22T01:25:27.172+0000] {taskinstance.py:1370} INFO - 
--------------------------------------------------------------------------------
[2025-09-22T01:25:27.185+0000] {taskinstance.py:1389} INFO - Executing <Task(PythonOperator): fetchDB> on 2025-09-22 01:25:22.680437+00:00
[2025-09-22T01:25:27.201+0000] {standard_task_runner.py:52} INFO - Started process 357 to run task
[2025-09-22T01:25:27.210+0000] {standard_task_runner.py:79} INFO - Running: ['***', 'tasks', 'run', 'sql_to_elastic', 'fetchDB', 'manual__2025-09-22T01:25:22.680437+00:00', '--job-id', '16', '--raw', '--subdir', 'DAGS_FOLDER/dag.py', '--cfg-path', '/tmp/tmpcqlxadye', '--error-file', '/tmp/tmp8ojjl3d9']
[2025-09-22T01:25:27.212+0000] {standard_task_runner.py:80} INFO - Job 16: Subtask fetchDB
[2025-09-22T01:25:27.324+0000] {task_command.py:371} INFO - Running <TaskInstance: sql_to_elastic.fetchDB manual__2025-09-22T01:25:22.680437+00:00 [running]> on host 05976e0e19d1
[2025-09-22T01:25:27.408+0000] {taskinstance.py:1583} INFO - Exporting the following env vars:
AIRFLOW_CTX_DAG_OWNER=***
AIRFLOW_CTX_DAG_ID=sql_to_elastic
AIRFLOW_CTX_TASK_ID=fetchDB
AIRFLOW_CTX_EXECUTION_DATE=2025-09-22T01:25:22.680437+00:00
AIRFLOW_CTX_TRY_NUMBER=1
AIRFLOW_CTX_DAG_RUN_ID=manual__2025-09-22T01:25:22.680437+00:00
[2025-09-22T01:25:27.432+0000] {base.py:68} INFO - Using connection ID 'postgres_default' for task execution.
[2025-09-22T01:25:27.555+0000] {python.py:173} INFO - Done. Returned value was: None
[2025-09-22T01:25:27.570+0000] {taskinstance.py:1412} INFO - Marking task as SUCCESS. dag_id=sql_to_elastic, task_id=fetchDB, execution_date=20250922T012522, start_date=20250922T012527, end_date=20250922T012527
[2025-09-22T01:25:27.593+0000] {local_task_job.py:156} INFO - Task exited with return code 0
[2025-09-22T01:25:27.642+0000] {local_task_job.py:279} INFO - 0 downstream tasks scheduled from follow-on schedule check
