[2025-09-20T08:49:12.153+0000] {taskinstance.py:1171} INFO - Dependencies all met for <TaskInstance: sql_to_elastic.fetchDB scheduled__2024-11-30T09:10:00+00:00 [queued]>
[2025-09-20T08:49:12.294+0000] {taskinstance.py:1171} INFO - Dependencies all met for <TaskInstance: sql_to_elastic.fetchDB scheduled__2024-11-30T09:10:00+00:00 [queued]>
[2025-09-20T08:49:12.307+0000] {taskinstance.py:1368} INFO - 
--------------------------------------------------------------------------------
[2025-09-20T08:49:12.307+0000] {taskinstance.py:1369} INFO - Starting attempt 1 of 2
[2025-09-20T08:49:12.308+0000] {taskinstance.py:1370} INFO - 
--------------------------------------------------------------------------------
[2025-09-20T08:49:12.448+0000] {taskinstance.py:1389} INFO - Executing <Task(PythonOperator): fetchDB> on 2024-11-30 09:10:00+00:00
[2025-09-20T08:49:12.508+0000] {standard_task_runner.py:52} INFO - Started process 1114 to run task
[2025-09-20T08:49:12.539+0000] {standard_task_runner.py:79} INFO - Running: ['***', 'tasks', 'run', 'sql_to_elastic', 'fetchDB', 'scheduled__2024-11-30T09:10:00+00:00', '--job-id', '22', '--raw', '--subdir', 'DAGS_FOLDER/dag.py', '--cfg-path', '/tmp/tmpjvb3z9es', '--error-file', '/tmp/tmp0mfg463h']
[2025-09-20T08:49:12.567+0000] {standard_task_runner.py:80} INFO - Job 22: Subtask fetchDB
[2025-09-20T08:49:13.084+0000] {task_command.py:371} INFO - Running <TaskInstance: sql_to_elastic.fetchDB scheduled__2024-11-30T09:10:00+00:00 [running]> on host 564f5208acb9
[2025-09-20T08:49:13.801+0000] {taskinstance.py:1583} INFO - Exporting the following env vars:
AIRFLOW_CTX_DAG_OWNER=***
AIRFLOW_CTX_DAG_ID=sql_to_elastic
AIRFLOW_CTX_TASK_ID=fetchDB
AIRFLOW_CTX_EXECUTION_DATE=2024-11-30T09:10:00+00:00
AIRFLOW_CTX_TRY_NUMBER=1
AIRFLOW_CTX_DAG_RUN_ID=scheduled__2024-11-30T09:10:00+00:00
[2025-09-20T08:49:13.936+0000] {python.py:173} INFO - Done. Returned value was: None
[2025-09-20T08:49:14.073+0000] {taskinstance.py:1412} INFO - Marking task as SUCCESS. dag_id=sql_to_elastic, task_id=fetchDB, execution_date=20241130T091000, start_date=20250920T084912, end_date=20250920T084914
[2025-09-20T08:49:14.267+0000] {local_task_job.py:156} INFO - Task exited with return code 0
[2025-09-20T08:49:14.511+0000] {local_task_job.py:279} INFO - 1 downstream tasks scheduled from follow-on schedule check
