[2025-09-20T08:48:55.403+0000] {taskinstance.py:1171} INFO - Dependencies all met for <TaskInstance: sql_to_elastic.fetchDB scheduled__2024-11-16T09:30:00+00:00 [queued]>
[2025-09-20T08:48:55.615+0000] {taskinstance.py:1171} INFO - Dependencies all met for <TaskInstance: sql_to_elastic.fetchDB scheduled__2024-11-16T09:30:00+00:00 [queued]>
[2025-09-20T08:48:55.674+0000] {taskinstance.py:1368} INFO - 
--------------------------------------------------------------------------------
[2025-09-20T08:48:55.733+0000] {taskinstance.py:1369} INFO - Starting attempt 1 of 2
[2025-09-20T08:48:55.735+0000] {taskinstance.py:1370} INFO - 
--------------------------------------------------------------------------------
[2025-09-20T08:48:56.494+0000] {taskinstance.py:1389} INFO - Executing <Task(PythonOperator): fetchDB> on 2024-11-16 09:30:00+00:00
[2025-09-20T08:48:56.899+0000] {standard_task_runner.py:52} INFO - Started process 1094 to run task
[2025-09-20T08:48:57.054+0000] {standard_task_runner.py:79} INFO - Running: ['***', 'tasks', 'run', 'sql_to_elastic', 'fetchDB', 'scheduled__2024-11-16T09:30:00+00:00', '--job-id', '13', '--raw', '--subdir', 'DAGS_FOLDER/dag.py', '--cfg-path', '/tmp/tmpqb44g1jn', '--error-file', '/tmp/tmpat88zeh4']
[2025-09-20T08:48:57.132+0000] {standard_task_runner.py:80} INFO - Job 13: Subtask fetchDB
[2025-09-20T08:48:59.940+0000] {task_command.py:371} INFO - Running <TaskInstance: sql_to_elastic.fetchDB scheduled__2024-11-16T09:30:00+00:00 [running]> on host 564f5208acb9
[2025-09-20T08:49:02.531+0000] {taskinstance.py:1583} INFO - Exporting the following env vars:
AIRFLOW_CTX_DAG_OWNER=***
AIRFLOW_CTX_DAG_ID=sql_to_elastic
AIRFLOW_CTX_TASK_ID=fetchDB
AIRFLOW_CTX_EXECUTION_DATE=2024-11-16T09:30:00+00:00
AIRFLOW_CTX_TRY_NUMBER=1
AIRFLOW_CTX_DAG_RUN_ID=scheduled__2024-11-16T09:30:00+00:00
[2025-09-20T08:49:02.936+0000] {python.py:173} INFO - Done. Returned value was: None
[2025-09-20T08:49:03.309+0000] {taskinstance.py:1412} INFO - Marking task as SUCCESS. dag_id=sql_to_elastic, task_id=fetchDB, execution_date=20241116T093000, start_date=20250920T084855, end_date=20250920T084903
[2025-09-20T08:49:03.869+0000] {local_task_job.py:156} INFO - Task exited with return code 0
[2025-09-20T08:49:05.025+0000] {local_task_job.py:279} INFO - 1 downstream tasks scheduled from follow-on schedule check
