[2025-09-22T01:27:15.921+0000] {taskinstance.py:1171} INFO - Dependencies all met for <TaskInstance: sql_to_elastic.dataCleaning scheduled__2025-09-06T09:20:00+00:00 [queued]>
[2025-09-22T01:27:15.978+0000] {taskinstance.py:1171} INFO - Dependencies all met for <TaskInstance: sql_to_elastic.dataCleaning scheduled__2025-09-06T09:20:00+00:00 [queued]>
[2025-09-22T01:27:15.982+0000] {taskinstance.py:1368} INFO - 
--------------------------------------------------------------------------------
[2025-09-22T01:27:15.984+0000] {taskinstance.py:1369} INFO - Starting attempt 1 of 2
[2025-09-22T01:27:15.987+0000] {taskinstance.py:1370} INFO - 
--------------------------------------------------------------------------------
[2025-09-22T01:27:16.043+0000] {taskinstance.py:1389} INFO - Executing <Task(PythonOperator): dataCleaning> on 2025-09-06 09:20:00+00:00
[2025-09-22T01:27:16.069+0000] {standard_task_runner.py:52} INFO - Started process 449 to run task
[2025-09-22T01:27:16.124+0000] {standard_task_runner.py:79} INFO - Running: ['***', 'tasks', 'run', 'sql_to_elastic', 'dataCleaning', 'scheduled__2025-09-06T09:20:00+00:00', '--job-id', '30', '--raw', '--subdir', 'DAGS_FOLDER/dag.py', '--cfg-path', '/tmp/tmpiubd45i7', '--error-file', '/tmp/tmpe6exy5y5']
[2025-09-22T01:27:16.138+0000] {standard_task_runner.py:80} INFO - Job 30: Subtask dataCleaning
[2025-09-22T01:27:16.599+0000] {task_command.py:371} INFO - Running <TaskInstance: sql_to_elastic.dataCleaning scheduled__2025-09-06T09:20:00+00:00 [running]> on host 05976e0e19d1
[2025-09-22T01:27:17.518+0000] {taskinstance.py:1583} INFO - Exporting the following env vars:
AIRFLOW_CTX_DAG_OWNER=***
AIRFLOW_CTX_DAG_ID=sql_to_elastic
AIRFLOW_CTX_TASK_ID=dataCleaning
AIRFLOW_CTX_EXECUTION_DATE=2025-09-06T09:20:00+00:00
AIRFLOW_CTX_TRY_NUMBER=1
AIRFLOW_CTX_DAG_RUN_ID=scheduled__2025-09-06T09:20:00+00:00
[2025-09-22T01:27:18.262+0000] {python.py:173} INFO - Done. Returned value was: None
[2025-09-22T01:27:18.492+0000] {taskinstance.py:1412} INFO - Marking task as SUCCESS. dag_id=sql_to_elastic, task_id=dataCleaning, execution_date=20250906T092000, start_date=20250922T012715, end_date=20250922T012718
[2025-09-22T01:27:18.599+0000] {local_task_job.py:156} INFO - Task exited with return code 0
[2025-09-22T01:27:19.121+0000] {local_task_job.py:279} INFO - 0 downstream tasks scheduled from follow-on schedule check
