[2025-09-20T08:49:46.882+0000] {taskinstance.py:1171} INFO - Dependencies all met for <TaskInstance: sql_to_elastic.fetchDB scheduled__2024-12-14T09:10:00+00:00 [queued]>
[2025-09-20T08:49:46.902+0000] {taskinstance.py:1171} INFO - Dependencies all met for <TaskInstance: sql_to_elastic.fetchDB scheduled__2024-12-14T09:10:00+00:00 [queued]>
[2025-09-20T08:49:46.904+0000] {taskinstance.py:1368} INFO - 
--------------------------------------------------------------------------------
[2025-09-20T08:49:46.904+0000] {taskinstance.py:1369} INFO - Starting attempt 1 of 2
[2025-09-20T08:49:46.905+0000] {taskinstance.py:1370} INFO - 
--------------------------------------------------------------------------------
[2025-09-20T08:49:46.931+0000] {taskinstance.py:1389} INFO - Executing <Task(PythonOperator): fetchDB> on 2024-12-14 09:10:00+00:00
[2025-09-20T08:49:46.939+0000] {standard_task_runner.py:52} INFO - Started process 1210 to run task
[2025-09-20T08:49:46.943+0000] {standard_task_runner.py:79} INFO - Running: ['***', 'tasks', 'run', 'sql_to_elastic', 'fetchDB', 'scheduled__2024-12-14T09:10:00+00:00', '--job-id', '55', '--raw', '--subdir', 'DAGS_FOLDER/dag.py', '--cfg-path', '/tmp/tmpu0w_07_i', '--error-file', '/tmp/tmpfafjx6ee']
[2025-09-20T08:49:46.945+0000] {standard_task_runner.py:80} INFO - Job 55: Subtask fetchDB
[2025-09-20T08:49:47.072+0000] {task_command.py:371} INFO - Running <TaskInstance: sql_to_elastic.fetchDB scheduled__2024-12-14T09:10:00+00:00 [running]> on host 564f5208acb9
[2025-09-20T08:49:47.208+0000] {taskinstance.py:1583} INFO - Exporting the following env vars:
AIRFLOW_CTX_DAG_OWNER=***
AIRFLOW_CTX_DAG_ID=sql_to_elastic
AIRFLOW_CTX_TASK_ID=fetchDB
AIRFLOW_CTX_EXECUTION_DATE=2024-12-14T09:10:00+00:00
AIRFLOW_CTX_TRY_NUMBER=1
AIRFLOW_CTX_DAG_RUN_ID=scheduled__2024-12-14T09:10:00+00:00
[2025-09-20T08:49:47.228+0000] {python.py:173} INFO - Done. Returned value was: None
[2025-09-20T08:49:47.251+0000] {taskinstance.py:1412} INFO - Marking task as SUCCESS. dag_id=sql_to_elastic, task_id=fetchDB, execution_date=20241214T091000, start_date=20250920T084946, end_date=20250920T084947
[2025-09-20T08:49:47.288+0000] {local_task_job.py:156} INFO - Task exited with return code 0
[2025-09-20T08:49:47.366+0000] {local_task_job.py:279} INFO - 1 downstream tasks scheduled from follow-on schedule check
