[2025-09-20T08:49:12.364+0000] {taskinstance.py:1171} INFO - Dependencies all met for <TaskInstance: sql_to_elastic.dataCleaning scheduled__2024-11-09T09:10:00+00:00 [queued]>
[2025-09-20T08:49:12.566+0000] {taskinstance.py:1171} INFO - Dependencies all met for <TaskInstance: sql_to_elastic.dataCleaning scheduled__2024-11-09T09:10:00+00:00 [queued]>
[2025-09-20T08:49:12.577+0000] {taskinstance.py:1368} INFO - 
--------------------------------------------------------------------------------
[2025-09-20T08:49:12.601+0000] {taskinstance.py:1369} INFO - Starting attempt 1 of 2
[2025-09-20T08:49:12.603+0000] {taskinstance.py:1370} INFO - 
--------------------------------------------------------------------------------
[2025-09-20T08:49:12.841+0000] {taskinstance.py:1389} INFO - Executing <Task(PythonOperator): dataCleaning> on 2024-11-09 09:10:00+00:00
[2025-09-20T08:49:12.856+0000] {standard_task_runner.py:52} INFO - Started process 1121 to run task
[2025-09-20T08:49:12.896+0000] {standard_task_runner.py:79} INFO - Running: ['***', 'tasks', 'run', 'sql_to_elastic', 'dataCleaning', 'scheduled__2024-11-09T09:10:00+00:00', '--job-id', '18', '--raw', '--subdir', 'DAGS_FOLDER/dag.py', '--cfg-path', '/tmp/tmpj59yxf7r', '--error-file', '/tmp/tmpvo7_qm6s']
[2025-09-20T08:49:12.905+0000] {standard_task_runner.py:80} INFO - Job 18: Subtask dataCleaning
[2025-09-20T08:49:13.523+0000] {task_command.py:371} INFO - Running <TaskInstance: sql_to_elastic.dataCleaning scheduled__2024-11-09T09:10:00+00:00 [running]> on host 564f5208acb9
[2025-09-20T08:49:14.014+0000] {taskinstance.py:1583} INFO - Exporting the following env vars:
AIRFLOW_CTX_DAG_OWNER=***
AIRFLOW_CTX_DAG_ID=sql_to_elastic
AIRFLOW_CTX_TASK_ID=dataCleaning
AIRFLOW_CTX_EXECUTION_DATE=2024-11-09T09:10:00+00:00
AIRFLOW_CTX_TRY_NUMBER=1
AIRFLOW_CTX_DAG_RUN_ID=scheduled__2024-11-09T09:10:00+00:00
[2025-09-20T08:49:14.279+0000] {python.py:173} INFO - Done. Returned value was: None
[2025-09-20T08:49:14.585+0000] {taskinstance.py:1412} INFO - Marking task as SUCCESS. dag_id=sql_to_elastic, task_id=dataCleaning, execution_date=20241109T091000, start_date=20250920T084912, end_date=20250920T084914
[2025-09-20T08:49:14.780+0000] {local_task_job.py:156} INFO - Task exited with return code 0
[2025-09-20T08:49:15.692+0000] {local_task_job.py:279} INFO - 0 downstream tasks scheduled from follow-on schedule check
