[2025-09-20T08:49:44.315+0000] {taskinstance.py:1171} INFO - Dependencies all met for <TaskInstance: sql_to_elastic.saveToElastic scheduled__2024-11-23T09:30:00+00:00 [queued]>
[2025-09-20T08:49:44.341+0000] {taskinstance.py:1171} INFO - Dependencies all met for <TaskInstance: sql_to_elastic.saveToElastic scheduled__2024-11-23T09:30:00+00:00 [queued]>
[2025-09-20T08:49:44.345+0000] {taskinstance.py:1368} INFO - 
--------------------------------------------------------------------------------
[2025-09-20T08:49:44.346+0000] {taskinstance.py:1369} INFO - Starting attempt 1 of 2
[2025-09-20T08:49:44.347+0000] {taskinstance.py:1370} INFO - 
--------------------------------------------------------------------------------
[2025-09-20T08:49:44.407+0000] {taskinstance.py:1389} INFO - Executing <Task(PythonOperator): saveToElastic> on 2024-11-23 09:30:00+00:00
[2025-09-20T08:49:44.421+0000] {standard_task_runner.py:52} INFO - Started process 1197 to run task
[2025-09-20T08:49:44.428+0000] {standard_task_runner.py:79} INFO - Running: ['***', 'tasks', 'run', 'sql_to_elastic', 'saveToElastic', 'scheduled__2024-11-23T09:30:00+00:00', '--job-id', '48', '--raw', '--subdir', 'DAGS_FOLDER/dag.py', '--cfg-path', '/tmp/tmppx2a4gm3', '--error-file', '/tmp/tmp7mawxj7l']
[2025-09-20T08:49:44.431+0000] {standard_task_runner.py:80} INFO - Job 48: Subtask saveToElastic
[2025-09-20T08:49:44.654+0000] {task_command.py:371} INFO - Running <TaskInstance: sql_to_elastic.saveToElastic scheduled__2024-11-23T09:30:00+00:00 [running]> on host 564f5208acb9
[2025-09-20T08:49:44.974+0000] {taskinstance.py:1583} INFO - Exporting the following env vars:
AIRFLOW_CTX_DAG_OWNER=***
AIRFLOW_CTX_DAG_ID=sql_to_elastic
AIRFLOW_CTX_TASK_ID=saveToElastic
AIRFLOW_CTX_EXECUTION_DATE=2024-11-23T09:30:00+00:00
AIRFLOW_CTX_TRY_NUMBER=1
AIRFLOW_CTX_DAG_RUN_ID=scheduled__2024-11-23T09:30:00+00:00
[2025-09-20T08:49:45.116+0000] {python.py:173} INFO - Done. Returned value was: None
[2025-09-20T08:49:45.187+0000] {taskinstance.py:1412} INFO - Marking task as SUCCESS. dag_id=sql_to_elastic, task_id=saveToElastic, execution_date=20241123T093000, start_date=20250920T084944, end_date=20250920T084945
[2025-09-20T08:49:45.289+0000] {local_task_job.py:156} INFO - Task exited with return code 0
[2025-09-20T08:49:45.767+0000] {local_task_job.py:279} INFO - 0 downstream tasks scheduled from follow-on schedule check
