[2025-09-22T01:27:35.027+0000] {taskinstance.py:1171} INFO - Dependencies all met for <TaskInstance: sql_to_elastic.dataCleaning scheduled__2025-09-20T09:20:00+00:00 [queued]>
[2025-09-22T01:27:35.075+0000] {taskinstance.py:1171} INFO - Dependencies all met for <TaskInstance: sql_to_elastic.dataCleaning scheduled__2025-09-20T09:20:00+00:00 [queued]>
[2025-09-22T01:27:35.076+0000] {taskinstance.py:1368} INFO - 
--------------------------------------------------------------------------------
[2025-09-22T01:27:35.077+0000] {taskinstance.py:1369} INFO - Starting attempt 1 of 2
[2025-09-22T01:27:35.085+0000] {taskinstance.py:1370} INFO - 
--------------------------------------------------------------------------------
[2025-09-22T01:27:35.142+0000] {taskinstance.py:1389} INFO - Executing <Task(PythonOperator): dataCleaning> on 2025-09-20 09:20:00+00:00
[2025-09-22T01:27:35.162+0000] {standard_task_runner.py:52} INFO - Started process 471 to run task
[2025-09-22T01:27:35.188+0000] {standard_task_runner.py:79} INFO - Running: ['***', 'tasks', 'run', 'sql_to_elastic', 'dataCleaning', 'scheduled__2025-09-20T09:20:00+00:00', '--job-id', '33', '--raw', '--subdir', 'DAGS_FOLDER/dag.py', '--cfg-path', '/tmp/tmpkccthzwf', '--error-file', '/tmp/tmpt0gd94ab']
[2025-09-22T01:27:35.195+0000] {standard_task_runner.py:80} INFO - Job 33: Subtask dataCleaning
[2025-09-22T01:27:35.812+0000] {task_command.py:371} INFO - Running <TaskInstance: sql_to_elastic.dataCleaning scheduled__2025-09-20T09:20:00+00:00 [running]> on host 05976e0e19d1
[2025-09-22T01:27:36.793+0000] {taskinstance.py:1583} INFO - Exporting the following env vars:
AIRFLOW_CTX_DAG_OWNER=***
AIRFLOW_CTX_DAG_ID=sql_to_elastic
AIRFLOW_CTX_TASK_ID=dataCleaning
AIRFLOW_CTX_EXECUTION_DATE=2025-09-20T09:20:00+00:00
AIRFLOW_CTX_TRY_NUMBER=1
AIRFLOW_CTX_DAG_RUN_ID=scheduled__2025-09-20T09:20:00+00:00
[2025-09-22T01:27:38.009+0000] {python.py:173} INFO - Done. Returned value was: None
[2025-09-22T01:27:38.118+0000] {taskinstance.py:1412} INFO - Marking task as SUCCESS. dag_id=sql_to_elastic, task_id=dataCleaning, execution_date=20250920T092000, start_date=20250922T012735, end_date=20250922T012738
[2025-09-22T01:27:38.239+0000] {local_task_job.py:156} INFO - Task exited with return code 0
[2025-09-22T01:27:38.459+0000] {local_task_job.py:279} INFO - 1 downstream tasks scheduled from follow-on schedule check
