[2025-09-20T08:50:00.552+0000] {taskinstance.py:1171} INFO - Dependencies all met for <TaskInstance: sql_to_elastic.saveToElastic scheduled__2024-12-21T09:20:00+00:00 [queued]>
[2025-09-20T08:50:00.573+0000] {taskinstance.py:1171} INFO - Dependencies all met for <TaskInstance: sql_to_elastic.saveToElastic scheduled__2024-12-21T09:20:00+00:00 [queued]>
[2025-09-20T08:50:00.574+0000] {taskinstance.py:1368} INFO - 
--------------------------------------------------------------------------------
[2025-09-20T08:50:00.574+0000] {taskinstance.py:1369} INFO - Starting attempt 1 of 2
[2025-09-20T08:50:00.574+0000] {taskinstance.py:1370} INFO - 
--------------------------------------------------------------------------------
[2025-09-20T08:50:00.606+0000] {taskinstance.py:1389} INFO - Executing <Task(PythonOperator): saveToElastic> on 2024-12-21 09:20:00+00:00
[2025-09-20T08:50:00.623+0000] {standard_task_runner.py:52} INFO - Started process 1275 to run task
[2025-09-20T08:50:00.630+0000] {standard_task_runner.py:79} INFO - Running: ['***', 'tasks', 'run', 'sql_to_elastic', 'saveToElastic', 'scheduled__2024-12-21T09:20:00+00:00', '--job-id', '78', '--raw', '--subdir', 'DAGS_FOLDER/dag.py', '--cfg-path', '/tmp/tmp0lm3t5uz', '--error-file', '/tmp/tmpercpvx62']
[2025-09-20T08:50:00.633+0000] {standard_task_runner.py:80} INFO - Job 78: Subtask saveToElastic
[2025-09-20T08:50:00.827+0000] {task_command.py:371} INFO - Running <TaskInstance: sql_to_elastic.saveToElastic scheduled__2024-12-21T09:20:00+00:00 [running]> on host 564f5208acb9
[2025-09-20T08:50:00.985+0000] {taskinstance.py:1583} INFO - Exporting the following env vars:
AIRFLOW_CTX_DAG_OWNER=***
AIRFLOW_CTX_DAG_ID=sql_to_elastic
AIRFLOW_CTX_TASK_ID=saveToElastic
AIRFLOW_CTX_EXECUTION_DATE=2024-12-21T09:20:00+00:00
AIRFLOW_CTX_TRY_NUMBER=1
AIRFLOW_CTX_DAG_RUN_ID=scheduled__2024-12-21T09:20:00+00:00
[2025-09-20T08:50:01.039+0000] {python.py:173} INFO - Done. Returned value was: None
[2025-09-20T08:50:01.067+0000] {taskinstance.py:1412} INFO - Marking task as SUCCESS. dag_id=sql_to_elastic, task_id=saveToElastic, execution_date=20241221T092000, start_date=20250920T085000, end_date=20250920T085001
[2025-09-20T08:50:01.145+0000] {local_task_job.py:156} INFO - Task exited with return code 0
[2025-09-20T08:50:01.255+0000] {local_task_job.py:279} INFO - 0 downstream tasks scheduled from follow-on schedule check
[2025-09-20T08:50:01.305+0000] {dagrun.py:567} INFO - Marking run <DagRun sql_to_elastic @ 2024-12-21 09:20:00+00:00: scheduled__2024-12-21T09:20:00+00:00, state:running, queued_at: 2025-09-20 08:49:52.408389+00:00. externally triggered: False> successful
[2025-09-20T08:50:01.308+0000] {dagrun.py:627} INFO - DagRun Finished: dag_id=sql_to_elastic, execution_date=2024-12-21 09:20:00+00:00, run_id=scheduled__2024-12-21T09:20:00+00:00, run_start_date=2025-09-20 08:49:52.447276+00:00, run_end_date=2025-09-20 08:50:01.308630+00:00, run_duration=8.861354, state=success, external_trigger=False, run_type=scheduled, data_interval_start=2024-12-21 09:20:00+00:00, data_interval_end=2024-12-21 09:30:00+00:00, dag_hash=ed0bed7322d0992abf1000357a7e5bbf
