[2025-09-20T09:33:00.137+0000] {taskinstance.py:1171} INFO - Dependencies all met for <TaskInstance: sql_to_elastic.dataCleaning manual__2025-09-20T09:32:56.174049+00:00 [queued]>
[2025-09-20T09:33:00.144+0000] {taskinstance.py:1171} INFO - Dependencies all met for <TaskInstance: sql_to_elastic.dataCleaning manual__2025-09-20T09:32:56.174049+00:00 [queued]>
[2025-09-20T09:33:00.145+0000] {taskinstance.py:1368} INFO - 
--------------------------------------------------------------------------------
[2025-09-20T09:33:00.145+0000] {taskinstance.py:1369} INFO - Starting attempt 1 of 1
[2025-09-20T09:33:00.145+0000] {taskinstance.py:1370} INFO - 
--------------------------------------------------------------------------------
[2025-09-20T09:33:00.154+0000] {taskinstance.py:1389} INFO - Executing <Task(PythonOperator): dataCleaning> on 2025-09-20 09:32:56.174049+00:00
[2025-09-20T09:33:00.166+0000] {standard_task_runner.py:52} INFO - Started process 2529 to run task
[2025-09-20T09:33:00.172+0000] {standard_task_runner.py:79} INFO - Running: ['***', 'tasks', 'run', 'sql_to_elastic', 'dataCleaning', 'manual__2025-09-20T09:32:56.174049+00:00', '--job-id', '170', '--raw', '--subdir', 'DAGS_FOLDER/dag.py', '--cfg-path', '/tmp/tmpm70baf20', '--error-file', '/tmp/tmps9t5beu6']
[2025-09-20T09:33:00.173+0000] {standard_task_runner.py:80} INFO - Job 170: Subtask dataCleaning
[2025-09-20T09:33:00.229+0000] {task_command.py:371} INFO - Running <TaskInstance: sql_to_elastic.dataCleaning manual__2025-09-20T09:32:56.174049+00:00 [running]> on host 564f5208acb9
[2025-09-20T09:33:00.310+0000] {taskinstance.py:1583} INFO - Exporting the following env vars:
AIRFLOW_CTX_DAG_OWNER=***
AIRFLOW_CTX_DAG_ID=sql_to_elastic
AIRFLOW_CTX_TASK_ID=dataCleaning
AIRFLOW_CTX_EXECUTION_DATE=2025-09-20T09:32:56.174049+00:00
AIRFLOW_CTX_TRY_NUMBER=1
AIRFLOW_CTX_DAG_RUN_ID=manual__2025-09-20T09:32:56.174049+00:00
[2025-09-20T09:33:00.346+0000] {logging_mixin.py:115} INFO - RangeIndex(start=0, stop=20, step=1)
[2025-09-20T09:33:00.349+0000] {python.py:173} INFO - Done. Returned value was: None
[2025-09-20T09:33:00.358+0000] {taskinstance.py:1412} INFO - Marking task as SUCCESS. dag_id=sql_to_elastic, task_id=dataCleaning, execution_date=20250920T093256, start_date=20250920T093300, end_date=20250920T093300
[2025-09-20T09:33:00.394+0000] {local_task_job.py:156} INFO - Task exited with return code 0
[2025-09-20T09:33:00.425+0000] {local_task_job.py:279} INFO - 1 downstream tasks scheduled from follow-on schedule check
