[2025-09-21T05:03:03.369+0000] {taskinstance.py:1171} INFO - Dependencies all met for <TaskInstance: sql_to_elastic.fetchDB manual__2025-09-21T05:02:51.236472+00:00 [queued]>
[2025-09-21T05:03:03.414+0000] {taskinstance.py:1171} INFO - Dependencies all met for <TaskInstance: sql_to_elastic.fetchDB manual__2025-09-21T05:02:51.236472+00:00 [queued]>
[2025-09-21T05:03:03.414+0000] {taskinstance.py:1368} INFO - 
--------------------------------------------------------------------------------
[2025-09-21T05:03:03.415+0000] {taskinstance.py:1369} INFO - Starting attempt 1 of 1
[2025-09-21T05:03:03.415+0000] {taskinstance.py:1370} INFO - 
--------------------------------------------------------------------------------
[2025-09-21T05:03:03.445+0000] {taskinstance.py:1389} INFO - Executing <Task(PythonOperator): fetchDB> on 2025-09-21 05:02:51.236472+00:00
[2025-09-21T05:03:03.491+0000] {standard_task_runner.py:52} INFO - Started process 7279 to run task
[2025-09-21T05:03:03.534+0000] {standard_task_runner.py:79} INFO - Running: ['***', 'tasks', 'run', 'sql_to_elastic', 'fetchDB', 'manual__2025-09-21T05:02:51.236472+00:00', '--job-id', '2', '--raw', '--subdir', 'DAGS_FOLDER/dag.py', '--cfg-path', '/tmp/tmpfhdh6xk_', '--error-file', '/tmp/tmpuzo_ut6e']
[2025-09-21T05:03:03.545+0000] {standard_task_runner.py:80} INFO - Job 2: Subtask fetchDB
[2025-09-21T05:03:03.778+0000] {task_command.py:371} INFO - Running <TaskInstance: sql_to_elastic.fetchDB manual__2025-09-21T05:02:51.236472+00:00 [running]> on host c1677bc828a5
[2025-09-21T05:03:03.898+0000] {taskinstance.py:1583} INFO - Exporting the following env vars:
AIRFLOW_CTX_DAG_OWNER=***
AIRFLOW_CTX_DAG_ID=sql_to_elastic
AIRFLOW_CTX_TASK_ID=fetchDB
AIRFLOW_CTX_EXECUTION_DATE=2025-09-21T05:02:51.236472+00:00
AIRFLOW_CTX_TRY_NUMBER=1
AIRFLOW_CTX_DAG_RUN_ID=manual__2025-09-21T05:02:51.236472+00:00
[2025-09-21T05:03:03.940+0000] {base.py:68} INFO - Using connection ID 'postgres_default' for task execution.
[2025-09-21T05:03:04.084+0000] {python.py:173} INFO - Done. Returned value was: None
[2025-09-21T05:03:04.104+0000] {taskinstance.py:1412} INFO - Marking task as SUCCESS. dag_id=sql_to_elastic, task_id=fetchDB, execution_date=20250921T050251, start_date=20250921T050303, end_date=20250921T050304
[2025-09-21T05:03:04.157+0000] {local_task_job.py:156} INFO - Task exited with return code 0
[2025-09-21T05:03:04.209+0000] {local_task_job.py:279} INFO - 1 downstream tasks scheduled from follow-on schedule check
