[2025-09-20T08:49:30.135+0000] {taskinstance.py:1171} INFO - Dependencies all met for <TaskInstance: sql_to_elastic.dataCleaning scheduled__2024-11-23T09:10:00+00:00 [queued]>
[2025-09-20T08:49:30.427+0000] {taskinstance.py:1171} INFO - Dependencies all met for <TaskInstance: sql_to_elastic.dataCleaning scheduled__2024-11-23T09:10:00+00:00 [queued]>
[2025-09-20T08:49:30.466+0000] {taskinstance.py:1368} INFO - 
--------------------------------------------------------------------------------
[2025-09-20T08:49:30.468+0000] {taskinstance.py:1369} INFO - Starting attempt 1 of 2
[2025-09-20T08:49:30.472+0000] {taskinstance.py:1370} INFO - 
--------------------------------------------------------------------------------
[2025-09-20T08:49:31.470+0000] {taskinstance.py:1389} INFO - Executing <Task(PythonOperator): dataCleaning> on 2024-11-23 09:10:00+00:00
[2025-09-20T08:49:31.875+0000] {standard_task_runner.py:52} INFO - Started process 1157 to run task
[2025-09-20T08:49:32.002+0000] {standard_task_runner.py:79} INFO - Running: ['***', 'tasks', 'run', 'sql_to_elastic', 'dataCleaning', 'scheduled__2024-11-23T09:10:00+00:00', '--job-id', '30', '--raw', '--subdir', 'DAGS_FOLDER/dag.py', '--cfg-path', '/tmp/tmpcf2ppuxu', '--error-file', '/tmp/tmptv4hsoll']
[2025-09-20T08:49:32.074+0000] {standard_task_runner.py:80} INFO - Job 30: Subtask dataCleaning
[2025-09-20T08:49:33.363+0000] {task_command.py:371} INFO - Running <TaskInstance: sql_to_elastic.dataCleaning scheduled__2024-11-23T09:10:00+00:00 [running]> on host 564f5208acb9
[2025-09-20T08:49:35.114+0000] {taskinstance.py:1583} INFO - Exporting the following env vars:
AIRFLOW_CTX_DAG_OWNER=***
AIRFLOW_CTX_DAG_ID=sql_to_elastic
AIRFLOW_CTX_TASK_ID=dataCleaning
AIRFLOW_CTX_EXECUTION_DATE=2024-11-23T09:10:00+00:00
AIRFLOW_CTX_TRY_NUMBER=1
AIRFLOW_CTX_DAG_RUN_ID=scheduled__2024-11-23T09:10:00+00:00
[2025-09-20T08:49:35.656+0000] {python.py:173} INFO - Done. Returned value was: None
[2025-09-20T08:49:35.812+0000] {taskinstance.py:1412} INFO - Marking task as SUCCESS. dag_id=sql_to_elastic, task_id=dataCleaning, execution_date=20241123T091000, start_date=20250920T084930, end_date=20250920T084935
[2025-09-20T08:49:36.251+0000] {local_task_job.py:156} INFO - Task exited with return code 0
[2025-09-20T08:49:37.367+0000] {local_task_job.py:279} INFO - 0 downstream tasks scheduled from follow-on schedule check
