[2025-09-20T09:26:46.390+0000] {taskinstance.py:1171} INFO - Dependencies all met for <TaskInstance: sql_to_elastic.fetchDB manual__2025-09-20T09:26:44.082900+00:00 [queued]>
[2025-09-20T09:26:46.397+0000] {taskinstance.py:1171} INFO - Dependencies all met for <TaskInstance: sql_to_elastic.fetchDB manual__2025-09-20T09:26:44.082900+00:00 [queued]>
[2025-09-20T09:26:46.397+0000] {taskinstance.py:1368} INFO - 
--------------------------------------------------------------------------------
[2025-09-20T09:26:46.397+0000] {taskinstance.py:1369} INFO - Starting attempt 1 of 1
[2025-09-20T09:26:46.398+0000] {taskinstance.py:1370} INFO - 
--------------------------------------------------------------------------------
[2025-09-20T09:26:46.411+0000] {taskinstance.py:1389} INFO - Executing <Task(PythonOperator): fetchDB> on 2025-09-20 09:26:44.082900+00:00
[2025-09-20T09:26:46.420+0000] {standard_task_runner.py:52} INFO - Started process 2369 to run task
[2025-09-20T09:26:46.423+0000] {standard_task_runner.py:79} INFO - Running: ['***', 'tasks', 'run', 'sql_to_elastic', 'fetchDB', 'manual__2025-09-20T09:26:44.082900+00:00', '--job-id', '156', '--raw', '--subdir', 'DAGS_FOLDER/dag.py', '--cfg-path', '/tmp/tmpcihoxtqk', '--error-file', '/tmp/tmpxqf06dyq']
[2025-09-20T09:26:46.425+0000] {standard_task_runner.py:80} INFO - Job 156: Subtask fetchDB
[2025-09-20T09:26:46.492+0000] {task_command.py:371} INFO - Running <TaskInstance: sql_to_elastic.fetchDB manual__2025-09-20T09:26:44.082900+00:00 [running]> on host 564f5208acb9
[2025-09-20T09:26:46.564+0000] {taskinstance.py:1583} INFO - Exporting the following env vars:
AIRFLOW_CTX_DAG_OWNER=***
AIRFLOW_CTX_DAG_ID=sql_to_elastic
AIRFLOW_CTX_TASK_ID=fetchDB
AIRFLOW_CTX_EXECUTION_DATE=2025-09-20T09:26:44.082900+00:00
AIRFLOW_CTX_TRY_NUMBER=1
AIRFLOW_CTX_DAG_RUN_ID=manual__2025-09-20T09:26:44.082900+00:00
[2025-09-20T09:26:46.577+0000] {base.py:68} INFO - Using connection ID 'postgres_default' for task execution.
[2025-09-20T09:26:46.659+0000] {python.py:173} INFO - Done. Returned value was: None
[2025-09-20T09:26:46.670+0000] {taskinstance.py:1412} INFO - Marking task as SUCCESS. dag_id=sql_to_elastic, task_id=fetchDB, execution_date=20250920T092644, start_date=20250920T092646, end_date=20250920T092646
[2025-09-20T09:26:46.692+0000] {local_task_job.py:156} INFO - Task exited with return code 0
[2025-09-20T09:26:46.728+0000] {local_task_job.py:279} INFO - 1 downstream tasks scheduled from follow-on schedule check
