[2025-09-20T08:48:53.168+0000] {taskinstance.py:1171} INFO - Dependencies all met for <TaskInstance: sql_to_elastic.fetchDB scheduled__2024-11-16T09:10:00+00:00 [queued]>
[2025-09-20T08:48:53.399+0000] {taskinstance.py:1171} INFO - Dependencies all met for <TaskInstance: sql_to_elastic.fetchDB scheduled__2024-11-16T09:10:00+00:00 [queued]>
[2025-09-20T08:48:53.404+0000] {taskinstance.py:1368} INFO - 
--------------------------------------------------------------------------------
[2025-09-20T08:48:53.405+0000] {taskinstance.py:1369} INFO - Starting attempt 1 of 2
[2025-09-20T08:48:53.406+0000] {taskinstance.py:1370} INFO - 
--------------------------------------------------------------------------------
[2025-09-20T08:48:53.567+0000] {taskinstance.py:1389} INFO - Executing <Task(PythonOperator): fetchDB> on 2024-11-16 09:10:00+00:00
[2025-09-20T08:48:53.653+0000] {standard_task_runner.py:52} INFO - Started process 1082 to run task
[2025-09-20T08:48:53.682+0000] {standard_task_runner.py:79} INFO - Running: ['***', 'tasks', 'run', 'sql_to_elastic', 'fetchDB', 'scheduled__2024-11-16T09:10:00+00:00', '--job-id', '10', '--raw', '--subdir', 'DAGS_FOLDER/dag.py', '--cfg-path', '/tmp/tmplpqw8bbz', '--error-file', '/tmp/tmpl5z9bvz1']
[2025-09-20T08:48:53.706+0000] {standard_task_runner.py:80} INFO - Job 10: Subtask fetchDB
[2025-09-20T08:48:54.400+0000] {task_command.py:371} INFO - Running <TaskInstance: sql_to_elastic.fetchDB scheduled__2024-11-16T09:10:00+00:00 [running]> on host 564f5208acb9
[2025-09-20T08:48:56.850+0000] {taskinstance.py:1583} INFO - Exporting the following env vars:
AIRFLOW_CTX_DAG_OWNER=***
AIRFLOW_CTX_DAG_ID=sql_to_elastic
AIRFLOW_CTX_TASK_ID=fetchDB
AIRFLOW_CTX_EXECUTION_DATE=2024-11-16T09:10:00+00:00
AIRFLOW_CTX_TRY_NUMBER=1
AIRFLOW_CTX_DAG_RUN_ID=scheduled__2024-11-16T09:10:00+00:00
[2025-09-20T08:48:57.053+0000] {python.py:173} INFO - Done. Returned value was: None
[2025-09-20T08:48:57.719+0000] {taskinstance.py:1412} INFO - Marking task as SUCCESS. dag_id=sql_to_elastic, task_id=fetchDB, execution_date=20241116T091000, start_date=20250920T084853, end_date=20250920T084857
[2025-09-20T08:49:00.841+0000] {local_task_job.py:156} INFO - Task exited with return code 0
[2025-09-20T08:49:03.363+0000] {local_task_job.py:279} INFO - 0 downstream tasks scheduled from follow-on schedule check
