[2025-09-20T08:48:53.354+0000] {taskinstance.py:1171} INFO - Dependencies all met for <TaskInstance: sql_to_elastic.fetchDB scheduled__2024-11-09T09:30:00+00:00 [queued]>
[2025-09-20T08:48:53.461+0000] {taskinstance.py:1171} INFO - Dependencies all met for <TaskInstance: sql_to_elastic.fetchDB scheduled__2024-11-09T09:30:00+00:00 [queued]>
[2025-09-20T08:48:53.467+0000] {taskinstance.py:1368} INFO - 
--------------------------------------------------------------------------------
[2025-09-20T08:48:53.471+0000] {taskinstance.py:1369} INFO - Starting attempt 1 of 2
[2025-09-20T08:48:53.489+0000] {taskinstance.py:1370} INFO - 
--------------------------------------------------------------------------------
[2025-09-20T08:48:53.710+0000] {taskinstance.py:1389} INFO - Executing <Task(PythonOperator): fetchDB> on 2024-11-09 09:30:00+00:00
[2025-09-20T08:48:53.800+0000] {standard_task_runner.py:52} INFO - Started process 1083 to run task
[2025-09-20T08:48:53.871+0000] {standard_task_runner.py:79} INFO - Running: ['***', 'tasks', 'run', 'sql_to_elastic', 'fetchDB', 'scheduled__2024-11-09T09:30:00+00:00', '--job-id', '11', '--raw', '--subdir', 'DAGS_FOLDER/dag.py', '--cfg-path', '/tmp/tmpy9aebbr5', '--error-file', '/tmp/tmpf07vqtgf']
[2025-09-20T08:48:53.897+0000] {standard_task_runner.py:80} INFO - Job 11: Subtask fetchDB
[2025-09-20T08:48:54.992+0000] {task_command.py:371} INFO - Running <TaskInstance: sql_to_elastic.fetchDB scheduled__2024-11-09T09:30:00+00:00 [running]> on host 564f5208acb9
[2025-09-20T08:48:57.316+0000] {taskinstance.py:1583} INFO - Exporting the following env vars:
AIRFLOW_CTX_DAG_OWNER=***
AIRFLOW_CTX_DAG_ID=sql_to_elastic
AIRFLOW_CTX_TASK_ID=fetchDB
AIRFLOW_CTX_EXECUTION_DATE=2024-11-09T09:30:00+00:00
AIRFLOW_CTX_TRY_NUMBER=1
AIRFLOW_CTX_DAG_RUN_ID=scheduled__2024-11-09T09:30:00+00:00
[2025-09-20T08:48:57.553+0000] {python.py:173} INFO - Done. Returned value was: None
[2025-09-20T08:48:58.081+0000] {taskinstance.py:1412} INFO - Marking task as SUCCESS. dag_id=sql_to_elastic, task_id=fetchDB, execution_date=20241109T093000, start_date=20250920T084853, end_date=20250920T084858
[2025-09-20T08:49:00.991+0000] {local_task_job.py:156} INFO - Task exited with return code 0
[2025-09-20T08:49:03.410+0000] {local_task_job.py:279} INFO - 0 downstream tasks scheduled from follow-on schedule check
