[2025-09-20T09:41:05.748+0000] {taskinstance.py:1171} INFO - Dependencies all met for <TaskInstance: sql_to_elastic.dataCleaning manual__2025-09-20T09:41:01.385048+00:00 [queued]>
[2025-09-20T09:41:05.756+0000] {taskinstance.py:1171} INFO - Dependencies all met for <TaskInstance: sql_to_elastic.dataCleaning manual__2025-09-20T09:41:01.385048+00:00 [queued]>
[2025-09-20T09:41:05.757+0000] {taskinstance.py:1368} INFO - 
--------------------------------------------------------------------------------
[2025-09-20T09:41:05.757+0000] {taskinstance.py:1369} INFO - Starting attempt 1 of 1
[2025-09-20T09:41:05.757+0000] {taskinstance.py:1370} INFO - 
--------------------------------------------------------------------------------
[2025-09-20T09:41:05.768+0000] {taskinstance.py:1389} INFO - Executing <Task(PythonOperator): dataCleaning> on 2025-09-20 09:41:01.385048+00:00
[2025-09-20T09:41:05.779+0000] {standard_task_runner.py:52} INFO - Started process 2819 to run task
[2025-09-20T09:41:05.782+0000] {standard_task_runner.py:79} INFO - Running: ['***', 'tasks', 'run', 'sql_to_elastic', 'dataCleaning', 'manual__2025-09-20T09:41:01.385048+00:00', '--job-id', '184', '--raw', '--subdir', 'DAGS_FOLDER/dag.py', '--cfg-path', '/tmp/tmpu9_lddrp', '--error-file', '/tmp/tmp8hkma1i0']
[2025-09-20T09:41:05.785+0000] {standard_task_runner.py:80} INFO - Job 184: Subtask dataCleaning
[2025-09-20T09:41:05.847+0000] {task_command.py:371} INFO - Running <TaskInstance: sql_to_elastic.dataCleaning manual__2025-09-20T09:41:01.385048+00:00 [running]> on host 564f5208acb9
[2025-09-20T09:41:05.941+0000] {taskinstance.py:1583} INFO - Exporting the following env vars:
AIRFLOW_CTX_DAG_OWNER=***
AIRFLOW_CTX_DAG_ID=sql_to_elastic
AIRFLOW_CTX_TASK_ID=dataCleaning
AIRFLOW_CTX_EXECUTION_DATE=2025-09-20T09:41:01.385048+00:00
AIRFLOW_CTX_TRY_NUMBER=1
AIRFLOW_CTX_DAG_RUN_ID=manual__2025-09-20T09:41:01.385048+00:00
[2025-09-20T09:41:06.022+0000] {python.py:173} INFO - Done. Returned value was: None
[2025-09-20T09:41:06.040+0000] {taskinstance.py:1412} INFO - Marking task as SUCCESS. dag_id=sql_to_elastic, task_id=dataCleaning, execution_date=20250920T094101, start_date=20250920T094105, end_date=20250920T094106
[2025-09-20T09:41:06.087+0000] {local_task_job.py:156} INFO - Task exited with return code 0
[2025-09-20T09:41:06.128+0000] {local_task_job.py:279} INFO - 1 downstream tasks scheduled from follow-on schedule check
