[2025-09-22T01:27:15.928+0000] {taskinstance.py:1171} INFO - Dependencies all met for <TaskInstance: sql_to_elastic.dataCleaning scheduled__2025-09-06T09:30:00+00:00 [queued]>
[2025-09-22T01:27:15.988+0000] {taskinstance.py:1171} INFO - Dependencies all met for <TaskInstance: sql_to_elastic.dataCleaning scheduled__2025-09-06T09:30:00+00:00 [queued]>
[2025-09-22T01:27:15.989+0000] {taskinstance.py:1368} INFO - 
--------------------------------------------------------------------------------
[2025-09-22T01:27:15.989+0000] {taskinstance.py:1369} INFO - Starting attempt 1 of 2
[2025-09-22T01:27:15.990+0000] {taskinstance.py:1370} INFO - 
--------------------------------------------------------------------------------
[2025-09-22T01:27:16.043+0000] {taskinstance.py:1389} INFO - Executing <Task(PythonOperator): dataCleaning> on 2025-09-06 09:30:00+00:00
[2025-09-22T01:27:16.073+0000] {standard_task_runner.py:52} INFO - Started process 450 to run task
[2025-09-22T01:27:16.123+0000] {standard_task_runner.py:79} INFO - Running: ['***', 'tasks', 'run', 'sql_to_elastic', 'dataCleaning', 'scheduled__2025-09-06T09:30:00+00:00', '--job-id', '29', '--raw', '--subdir', 'DAGS_FOLDER/dag.py', '--cfg-path', '/tmp/tmpii88zf2a', '--error-file', '/tmp/tmpe079srwt']
[2025-09-22T01:27:16.135+0000] {standard_task_runner.py:80} INFO - Job 29: Subtask dataCleaning
[2025-09-22T01:27:16.581+0000] {task_command.py:371} INFO - Running <TaskInstance: sql_to_elastic.dataCleaning scheduled__2025-09-06T09:30:00+00:00 [running]> on host 05976e0e19d1
[2025-09-22T01:27:17.467+0000] {taskinstance.py:1583} INFO - Exporting the following env vars:
AIRFLOW_CTX_DAG_OWNER=***
AIRFLOW_CTX_DAG_ID=sql_to_elastic
AIRFLOW_CTX_TASK_ID=dataCleaning
AIRFLOW_CTX_EXECUTION_DATE=2025-09-06T09:30:00+00:00
AIRFLOW_CTX_TRY_NUMBER=1
AIRFLOW_CTX_DAG_RUN_ID=scheduled__2025-09-06T09:30:00+00:00
[2025-09-22T01:27:18.159+0000] {python.py:173} INFO - Done. Returned value was: None
[2025-09-22T01:27:18.437+0000] {taskinstance.py:1412} INFO - Marking task as SUCCESS. dag_id=sql_to_elastic, task_id=dataCleaning, execution_date=20250906T093000, start_date=20250922T012715, end_date=20250922T012718
[2025-09-22T01:27:18.604+0000] {local_task_job.py:156} INFO - Task exited with return code 0
[2025-09-22T01:27:19.163+0000] {local_task_job.py:279} INFO - 0 downstream tasks scheduled from follow-on schedule check
