[2025-09-22T01:25:28.997+0000] {taskinstance.py:1171} INFO - Dependencies all met for <TaskInstance: sql_to_elastic.dataCleaning manual__2025-09-22T01:25:22.680437+00:00 [queued]>
[2025-09-22T01:25:29.012+0000] {taskinstance.py:1171} INFO - Dependencies all met for <TaskInstance: sql_to_elastic.dataCleaning manual__2025-09-22T01:25:22.680437+00:00 [queued]>
[2025-09-22T01:25:29.013+0000] {taskinstance.py:1368} INFO - 
--------------------------------------------------------------------------------
[2025-09-22T01:25:29.013+0000] {taskinstance.py:1369} INFO - Starting attempt 1 of 1
[2025-09-22T01:25:29.013+0000] {taskinstance.py:1370} INFO - 
--------------------------------------------------------------------------------
[2025-09-22T01:25:29.032+0000] {taskinstance.py:1389} INFO - Executing <Task(PythonOperator): dataCleaning> on 2025-09-22 01:25:22.680437+00:00
[2025-09-22T01:25:29.045+0000] {standard_task_runner.py:52} INFO - Started process 360 to run task
[2025-09-22T01:25:29.056+0000] {standard_task_runner.py:79} INFO - Running: ['***', 'tasks', 'run', 'sql_to_elastic', 'dataCleaning', 'manual__2025-09-22T01:25:22.680437+00:00', '--job-id', '17', '--raw', '--subdir', 'DAGS_FOLDER/dag.py', '--cfg-path', '/tmp/tmp632qe1pf', '--error-file', '/tmp/tmpo2nm4r_t']
[2025-09-22T01:25:29.058+0000] {standard_task_runner.py:80} INFO - Job 17: Subtask dataCleaning
[2025-09-22T01:25:29.174+0000] {task_command.py:371} INFO - Running <TaskInstance: sql_to_elastic.dataCleaning manual__2025-09-22T01:25:22.680437+00:00 [running]> on host 05976e0e19d1
[2025-09-22T01:25:29.257+0000] {taskinstance.py:1583} INFO - Exporting the following env vars:
AIRFLOW_CTX_DAG_OWNER=***
AIRFLOW_CTX_DAG_ID=sql_to_elastic
AIRFLOW_CTX_TASK_ID=dataCleaning
AIRFLOW_CTX_EXECUTION_DATE=2025-09-22T01:25:22.680437+00:00
AIRFLOW_CTX_TRY_NUMBER=1
AIRFLOW_CTX_DAG_RUN_ID=manual__2025-09-22T01:25:22.680437+00:00
[2025-09-22T01:25:29.398+0000] {python.py:173} INFO - Done. Returned value was: None
[2025-09-22T01:25:29.421+0000] {taskinstance.py:1412} INFO - Marking task as SUCCESS. dag_id=sql_to_elastic, task_id=dataCleaning, execution_date=20250922T012522, start_date=20250922T012528, end_date=20250922T012529
[2025-09-22T01:25:29.444+0000] {local_task_job.py:156} INFO - Task exited with return code 0
[2025-09-22T01:25:29.480+0000] {local_task_job.py:279} INFO - 1 downstream tasks scheduled from follow-on schedule check
