[2025-09-22T01:27:02.486+0000] {taskinstance.py:1171} INFO - Dependencies all met for <TaskInstance: sql_to_elastic.fetchDB scheduled__2025-09-20T09:20:00+00:00 [queued]>
[2025-09-22T01:27:02.584+0000] {taskinstance.py:1171} INFO - Dependencies all met for <TaskInstance: sql_to_elastic.fetchDB scheduled__2025-09-20T09:20:00+00:00 [queued]>
[2025-09-22T01:27:02.594+0000] {taskinstance.py:1368} INFO - 
--------------------------------------------------------------------------------
[2025-09-22T01:27:02.600+0000] {taskinstance.py:1369} INFO - Starting attempt 1 of 2
[2025-09-22T01:27:02.601+0000] {taskinstance.py:1370} INFO - 
--------------------------------------------------------------------------------
[2025-09-22T01:27:02.717+0000] {taskinstance.py:1389} INFO - Executing <Task(PythonOperator): fetchDB> on 2025-09-20 09:20:00+00:00
[2025-09-22T01:27:02.740+0000] {standard_task_runner.py:52} INFO - Started process 433 to run task
[2025-09-22T01:27:02.767+0000] {standard_task_runner.py:79} INFO - Running: ['***', 'tasks', 'run', 'sql_to_elastic', 'fetchDB', 'scheduled__2025-09-20T09:20:00+00:00', '--job-id', '23', '--raw', '--subdir', 'DAGS_FOLDER/dag.py', '--cfg-path', '/tmp/tmpvrcp2n38', '--error-file', '/tmp/tmp7m7wo28x']
[2025-09-22T01:27:02.788+0000] {standard_task_runner.py:80} INFO - Job 23: Subtask fetchDB
[2025-09-22T01:27:03.607+0000] {task_command.py:371} INFO - Running <TaskInstance: sql_to_elastic.fetchDB scheduled__2025-09-20T09:20:00+00:00 [running]> on host 05976e0e19d1
[2025-09-22T01:27:04.757+0000] {taskinstance.py:1583} INFO - Exporting the following env vars:
AIRFLOW_CTX_DAG_OWNER=***
AIRFLOW_CTX_DAG_ID=sql_to_elastic
AIRFLOW_CTX_TASK_ID=fetchDB
AIRFLOW_CTX_EXECUTION_DATE=2025-09-20T09:20:00+00:00
AIRFLOW_CTX_TRY_NUMBER=1
AIRFLOW_CTX_DAG_RUN_ID=scheduled__2025-09-20T09:20:00+00:00
[2025-09-22T01:27:04.976+0000] {base.py:68} INFO - Using connection ID 'postgres_default' for task execution.
[2025-09-22T01:27:05.816+0000] {python.py:173} INFO - Done. Returned value was: None
[2025-09-22T01:27:07.302+0000] {taskinstance.py:1412} INFO - Marking task as SUCCESS. dag_id=sql_to_elastic, task_id=fetchDB, execution_date=20250920T092000, start_date=20250922T012702, end_date=20250922T012707
[2025-09-22T01:27:09.993+0000] {local_task_job.py:156} INFO - Task exited with return code 0
[2025-09-22T01:27:12.812+0000] {local_task_job.py:279} INFO - 0 downstream tasks scheduled from follow-on schedule check
