[2025-09-20T09:32:20.346+0000] {taskinstance.py:1171} INFO - Dependencies all met for <TaskInstance: sql_to_elastic.dataCleaning manual__2025-09-20T09:32:15.364425+00:00 [queued]>
[2025-09-20T09:32:20.353+0000] {taskinstance.py:1171} INFO - Dependencies all met for <TaskInstance: sql_to_elastic.dataCleaning manual__2025-09-20T09:32:15.364425+00:00 [queued]>
[2025-09-20T09:32:20.353+0000] {taskinstance.py:1368} INFO - 
--------------------------------------------------------------------------------
[2025-09-20T09:32:20.353+0000] {taskinstance.py:1369} INFO - Starting attempt 1 of 1
[2025-09-20T09:32:20.353+0000] {taskinstance.py:1370} INFO - 
--------------------------------------------------------------------------------
[2025-09-20T09:32:20.363+0000] {taskinstance.py:1389} INFO - Executing <Task(PythonOperator): dataCleaning> on 2025-09-20 09:32:15.364425+00:00
[2025-09-20T09:32:20.374+0000] {standard_task_runner.py:52} INFO - Started process 2508 to run task
[2025-09-20T09:32:20.377+0000] {standard_task_runner.py:79} INFO - Running: ['***', 'tasks', 'run', 'sql_to_elastic', 'dataCleaning', 'manual__2025-09-20T09:32:15.364425+00:00', '--job-id', '167', '--raw', '--subdir', 'DAGS_FOLDER/dag.py', '--cfg-path', '/tmp/tmpxvezmmn4', '--error-file', '/tmp/tmpu_k5jngm']
[2025-09-20T09:32:20.379+0000] {standard_task_runner.py:80} INFO - Job 167: Subtask dataCleaning
[2025-09-20T09:32:20.447+0000] {task_command.py:371} INFO - Running <TaskInstance: sql_to_elastic.dataCleaning manual__2025-09-20T09:32:15.364425+00:00 [running]> on host 564f5208acb9
[2025-09-20T09:32:20.528+0000] {taskinstance.py:1583} INFO - Exporting the following env vars:
AIRFLOW_CTX_DAG_OWNER=***
AIRFLOW_CTX_DAG_ID=sql_to_elastic
AIRFLOW_CTX_TASK_ID=dataCleaning
AIRFLOW_CTX_EXECUTION_DATE=2025-09-20T09:32:15.364425+00:00
AIRFLOW_CTX_TRY_NUMBER=1
AIRFLOW_CTX_DAG_RUN_ID=manual__2025-09-20T09:32:15.364425+00:00
[2025-09-20T09:32:20.578+0000] {logging_mixin.py:115} INFO -       0   1      2   3     4   ...     15      16        17      18      19
0  10107  30  95.70   2  2871  ...  10022     USA        Yu    Kwai   Small
1  10121  34  81.35   5  2765  ...  51100  France   Henriot    Paul   Small
2  10134  41  94.74   2  3884  ...  75508  France  Da Cunha  Daniel  Medium
3  10145  45  83.26   6  3746  ...  90003     USA     Young   Julie  Medium
4  10168  36  96.66   1  3479  ...  94217     USA    Hirano    Juri  Medium

[5 rows x 20 columns]
[2025-09-20T09:32:20.578+0000] {logging_mixin.py:115} INFO - RangeIndex(start=0, stop=20, step=1)
[2025-09-20T09:32:20.579+0000] {python.py:173} INFO - Done. Returned value was: None
[2025-09-20T09:32:20.588+0000] {taskinstance.py:1412} INFO - Marking task as SUCCESS. dag_id=sql_to_elastic, task_id=dataCleaning, execution_date=20250920T093215, start_date=20250920T093220, end_date=20250920T093220
[2025-09-20T09:32:20.641+0000] {local_task_job.py:156} INFO - Task exited with return code 0
[2025-09-20T09:32:20.669+0000] {local_task_job.py:279} INFO - 1 downstream tasks scheduled from follow-on schedule check
