[2025-09-21T07:29:08.023+0000] {taskinstance.py:1171} INFO - Dependencies all met for <TaskInstance: sql_to_elastic.fetchDB manual__2025-09-21T07:29:04.807387+00:00 [queued]>
[2025-09-21T07:29:08.038+0000] {taskinstance.py:1171} INFO - Dependencies all met for <TaskInstance: sql_to_elastic.fetchDB manual__2025-09-21T07:29:04.807387+00:00 [queued]>
[2025-09-21T07:29:08.039+0000] {taskinstance.py:1368} INFO - 
--------------------------------------------------------------------------------
[2025-09-21T07:29:08.039+0000] {taskinstance.py:1369} INFO - Starting attempt 1 of 1
[2025-09-21T07:29:08.039+0000] {taskinstance.py:1370} INFO - 
--------------------------------------------------------------------------------
[2025-09-21T07:29:08.051+0000] {taskinstance.py:1389} INFO - Executing <Task(PythonOperator): fetchDB> on 2025-09-21 07:29:04.807387+00:00
[2025-09-21T07:29:08.060+0000] {standard_task_runner.py:52} INFO - Started process 522 to run task
[2025-09-21T07:29:08.064+0000] {standard_task_runner.py:79} INFO - Running: ['***', 'tasks', 'run', 'sql_to_elastic', 'fetchDB', 'manual__2025-09-21T07:29:04.807387+00:00', '--job-id', '6', '--raw', '--subdir', 'DAGS_FOLDER/dag.py', '--cfg-path', '/tmp/tmprox_9yra', '--error-file', '/tmp/tmpzlpnpm31']
[2025-09-21T07:29:08.066+0000] {standard_task_runner.py:80} INFO - Job 6: Subtask fetchDB
[2025-09-21T07:29:08.156+0000] {task_command.py:371} INFO - Running <TaskInstance: sql_to_elastic.fetchDB manual__2025-09-21T07:29:04.807387+00:00 [running]> on host 05976e0e19d1
[2025-09-21T07:29:08.260+0000] {taskinstance.py:1583} INFO - Exporting the following env vars:
AIRFLOW_CTX_DAG_OWNER=***
AIRFLOW_CTX_DAG_ID=sql_to_elastic
AIRFLOW_CTX_TASK_ID=fetchDB
AIRFLOW_CTX_EXECUTION_DATE=2025-09-21T07:29:04.807387+00:00
AIRFLOW_CTX_TRY_NUMBER=1
AIRFLOW_CTX_DAG_RUN_ID=manual__2025-09-21T07:29:04.807387+00:00
[2025-09-21T07:29:08.295+0000] {base.py:68} INFO - Using connection ID 'postgres_default' for task execution.
[2025-09-21T07:29:08.427+0000] {python.py:173} INFO - Done. Returned value was: None
[2025-09-21T07:29:08.442+0000] {taskinstance.py:1412} INFO - Marking task as SUCCESS. dag_id=sql_to_elastic, task_id=fetchDB, execution_date=20250921T072904, start_date=20250921T072908, end_date=20250921T072908
[2025-09-21T07:29:08.456+0000] {local_task_job.py:156} INFO - Task exited with return code 0
[2025-09-21T07:29:08.497+0000] {local_task_job.py:279} INFO - 1 downstream tasks scheduled from follow-on schedule check
