[2025-09-20T08:48:50.168+0000] {taskinstance.py:1171} INFO - Dependencies all met for <TaskInstance: sql_to_elastic.fetchDB scheduled__2024-11-02T09:30:00+00:00 [queued]>
[2025-09-20T08:48:50.260+0000] {taskinstance.py:1171} INFO - Dependencies all met for <TaskInstance: sql_to_elastic.fetchDB scheduled__2024-11-02T09:30:00+00:00 [queued]>
[2025-09-20T08:48:50.261+0000] {taskinstance.py:1368} INFO - 
--------------------------------------------------------------------------------
[2025-09-20T08:48:50.262+0000] {taskinstance.py:1369} INFO - Starting attempt 1 of 2
[2025-09-20T08:48:50.263+0000] {taskinstance.py:1370} INFO - 
--------------------------------------------------------------------------------
[2025-09-20T08:48:50.381+0000] {taskinstance.py:1389} INFO - Executing <Task(PythonOperator): fetchDB> on 2024-11-02 09:30:00+00:00
[2025-09-20T08:48:50.394+0000] {standard_task_runner.py:52} INFO - Started process 1066 to run task
[2025-09-20T08:48:50.441+0000] {standard_task_runner.py:79} INFO - Running: ['***', 'tasks', 'run', 'sql_to_elastic', 'fetchDB', 'scheduled__2024-11-02T09:30:00+00:00', '--job-id', '6', '--raw', '--subdir', 'DAGS_FOLDER/dag.py', '--cfg-path', '/tmp/tmpoh_fo2r_', '--error-file', '/tmp/tmphko8ngor']
[2025-09-20T08:48:50.537+0000] {standard_task_runner.py:80} INFO - Job 6: Subtask fetchDB
[2025-09-20T08:48:51.111+0000] {task_command.py:371} INFO - Running <TaskInstance: sql_to_elastic.fetchDB scheduled__2024-11-02T09:30:00+00:00 [running]> on host 564f5208acb9
[2025-09-20T08:48:51.751+0000] {taskinstance.py:1583} INFO - Exporting the following env vars:
AIRFLOW_CTX_DAG_OWNER=***
AIRFLOW_CTX_DAG_ID=sql_to_elastic
AIRFLOW_CTX_TASK_ID=fetchDB
AIRFLOW_CTX_EXECUTION_DATE=2024-11-02T09:30:00+00:00
AIRFLOW_CTX_TRY_NUMBER=1
AIRFLOW_CTX_DAG_RUN_ID=scheduled__2024-11-02T09:30:00+00:00
[2025-09-20T08:48:51.808+0000] {python.py:173} INFO - Done. Returned value was: None
[2025-09-20T08:48:53.224+0000] {taskinstance.py:1412} INFO - Marking task as SUCCESS. dag_id=sql_to_elastic, task_id=fetchDB, execution_date=20241102T093000, start_date=20250920T084850, end_date=20250920T084853
[2025-09-20T08:48:53.615+0000] {local_task_job.py:156} INFO - Task exited with return code 0
[2025-09-20T08:48:55.767+0000] {local_task_job.py:279} INFO - 0 downstream tasks scheduled from follow-on schedule check
