[2025-09-22T01:27:35.051+0000] {taskinstance.py:1171} INFO - Dependencies all met for <TaskInstance: sql_to_elastic.dataCleaning scheduled__2025-09-13T09:30:00+00:00 [queued]>
[2025-09-22T01:27:35.101+0000] {taskinstance.py:1171} INFO - Dependencies all met for <TaskInstance: sql_to_elastic.dataCleaning scheduled__2025-09-13T09:30:00+00:00 [queued]>
[2025-09-22T01:27:35.103+0000] {taskinstance.py:1368} INFO - 
--------------------------------------------------------------------------------
[2025-09-22T01:27:35.104+0000] {taskinstance.py:1369} INFO - Starting attempt 1 of 2
[2025-09-22T01:27:35.105+0000] {taskinstance.py:1370} INFO - 
--------------------------------------------------------------------------------
[2025-09-22T01:27:35.167+0000] {taskinstance.py:1389} INFO - Executing <Task(PythonOperator): dataCleaning> on 2025-09-13 09:30:00+00:00
[2025-09-22T01:27:35.200+0000] {standard_task_runner.py:52} INFO - Started process 472 to run task
[2025-09-22T01:27:35.229+0000] {standard_task_runner.py:79} INFO - Running: ['***', 'tasks', 'run', 'sql_to_elastic', 'dataCleaning', 'scheduled__2025-09-13T09:30:00+00:00', '--job-id', '36', '--raw', '--subdir', 'DAGS_FOLDER/dag.py', '--cfg-path', '/tmp/tmpspg_c37h', '--error-file', '/tmp/tmplqrlckul']
[2025-09-22T01:27:35.239+0000] {standard_task_runner.py:80} INFO - Job 36: Subtask dataCleaning
[2025-09-22T01:27:35.800+0000] {task_command.py:371} INFO - Running <TaskInstance: sql_to_elastic.dataCleaning scheduled__2025-09-13T09:30:00+00:00 [running]> on host 05976e0e19d1
[2025-09-22T01:27:36.711+0000] {taskinstance.py:1583} INFO - Exporting the following env vars:
AIRFLOW_CTX_DAG_OWNER=***
AIRFLOW_CTX_DAG_ID=sql_to_elastic
AIRFLOW_CTX_TASK_ID=dataCleaning
AIRFLOW_CTX_EXECUTION_DATE=2025-09-13T09:30:00+00:00
AIRFLOW_CTX_TRY_NUMBER=1
AIRFLOW_CTX_DAG_RUN_ID=scheduled__2025-09-13T09:30:00+00:00
[2025-09-22T01:27:37.809+0000] {python.py:173} INFO - Done. Returned value was: None
[2025-09-22T01:27:37.917+0000] {taskinstance.py:1412} INFO - Marking task as SUCCESS. dag_id=sql_to_elastic, task_id=dataCleaning, execution_date=20250913T093000, start_date=20250922T012735, end_date=20250922T012737
[2025-09-22T01:27:38.073+0000] {local_task_job.py:156} INFO - Task exited with return code 0
[2025-09-22T01:27:38.352+0000] {local_task_job.py:279} INFO - 1 downstream tasks scheduled from follow-on schedule check
