[2025-09-22T01:20:07.364+0000] {taskinstance.py:1171} INFO - Dependencies all met for <TaskInstance: sql_to_elastic.fetchDB manual__2025-09-22T01:20:04.102475+00:00 [queued]>
[2025-09-22T01:20:07.373+0000] {taskinstance.py:1171} INFO - Dependencies all met for <TaskInstance: sql_to_elastic.fetchDB manual__2025-09-22T01:20:04.102475+00:00 [queued]>
[2025-09-22T01:20:07.373+0000] {taskinstance.py:1368} INFO - 
--------------------------------------------------------------------------------
[2025-09-22T01:20:07.373+0000] {taskinstance.py:1369} INFO - Starting attempt 1 of 1
[2025-09-22T01:20:07.373+0000] {taskinstance.py:1370} INFO - 
--------------------------------------------------------------------------------
[2025-09-22T01:20:07.385+0000] {taskinstance.py:1389} INFO - Executing <Task(PythonOperator): fetchDB> on 2025-09-22 01:20:04.102475+00:00
[2025-09-22T01:20:07.400+0000] {standard_task_runner.py:52} INFO - Started process 257 to run task
[2025-09-22T01:20:07.405+0000] {standard_task_runner.py:79} INFO - Running: ['***', 'tasks', 'run', 'sql_to_elastic', 'fetchDB', 'manual__2025-09-22T01:20:04.102475+00:00', '--job-id', '10', '--raw', '--subdir', 'DAGS_FOLDER/dag.py', '--cfg-path', '/tmp/tmpp17hc727', '--error-file', '/tmp/tmprp3ferbl']
[2025-09-22T01:20:07.408+0000] {standard_task_runner.py:80} INFO - Job 10: Subtask fetchDB
[2025-09-22T01:20:07.530+0000] {task_command.py:371} INFO - Running <TaskInstance: sql_to_elastic.fetchDB manual__2025-09-22T01:20:04.102475+00:00 [running]> on host 05976e0e19d1
[2025-09-22T01:20:07.643+0000] {taskinstance.py:1583} INFO - Exporting the following env vars:
AIRFLOW_CTX_DAG_OWNER=***
AIRFLOW_CTX_DAG_ID=sql_to_elastic
AIRFLOW_CTX_TASK_ID=fetchDB
AIRFLOW_CTX_EXECUTION_DATE=2025-09-22T01:20:04.102475+00:00
AIRFLOW_CTX_TRY_NUMBER=1
AIRFLOW_CTX_DAG_RUN_ID=manual__2025-09-22T01:20:04.102475+00:00
[2025-09-22T01:20:07.665+0000] {base.py:68} INFO - Using connection ID 'postgres_default' for task execution.
[2025-09-22T01:20:07.845+0000] {python.py:173} INFO - Done. Returned value was: None
[2025-09-22T01:20:07.912+0000] {taskinstance.py:1412} INFO - Marking task as SUCCESS. dag_id=sql_to_elastic, task_id=fetchDB, execution_date=20250922T012004, start_date=20250922T012007, end_date=20250922T012007
[2025-09-22T01:20:08.126+0000] {local_task_job.py:156} INFO - Task exited with return code 0
[2025-09-22T01:20:08.731+0000] {local_task_job.py:279} INFO - 0 downstream tasks scheduled from follow-on schedule check
