[2025-09-20T08:49:12.211+0000] {taskinstance.py:1171} INFO - Dependencies all met for <TaskInstance: sql_to_elastic.dataCleaning scheduled__2024-11-02T09:30:00+00:00 [queued]>
[2025-09-20T08:49:12.353+0000] {taskinstance.py:1171} INFO - Dependencies all met for <TaskInstance: sql_to_elastic.dataCleaning scheduled__2024-11-02T09:30:00+00:00 [queued]>
[2025-09-20T08:49:12.359+0000] {taskinstance.py:1368} INFO - 
--------------------------------------------------------------------------------
[2025-09-20T08:49:12.379+0000] {taskinstance.py:1369} INFO - Starting attempt 1 of 2
[2025-09-20T08:49:12.389+0000] {taskinstance.py:1370} INFO - 
--------------------------------------------------------------------------------
[2025-09-20T08:49:12.563+0000] {taskinstance.py:1389} INFO - Executing <Task(PythonOperator): dataCleaning> on 2024-11-02 09:30:00+00:00
[2025-09-20T08:49:12.609+0000] {standard_task_runner.py:52} INFO - Started process 1117 to run task
[2025-09-20T08:49:12.733+0000] {standard_task_runner.py:79} INFO - Running: ['***', 'tasks', 'run', 'sql_to_elastic', 'dataCleaning', 'scheduled__2024-11-02T09:30:00+00:00', '--job-id', '21', '--raw', '--subdir', 'DAGS_FOLDER/dag.py', '--cfg-path', '/tmp/tmpswn126so', '--error-file', '/tmp/tmp56o8val0']
[2025-09-20T08:49:12.753+0000] {standard_task_runner.py:80} INFO - Job 21: Subtask dataCleaning
[2025-09-20T08:49:13.598+0000] {task_command.py:371} INFO - Running <TaskInstance: sql_to_elastic.dataCleaning scheduled__2024-11-02T09:30:00+00:00 [running]> on host 564f5208acb9
[2025-09-20T08:49:14.242+0000] {taskinstance.py:1583} INFO - Exporting the following env vars:
AIRFLOW_CTX_DAG_OWNER=***
AIRFLOW_CTX_DAG_ID=sql_to_elastic
AIRFLOW_CTX_TASK_ID=dataCleaning
AIRFLOW_CTX_EXECUTION_DATE=2024-11-02T09:30:00+00:00
AIRFLOW_CTX_TRY_NUMBER=1
AIRFLOW_CTX_DAG_RUN_ID=scheduled__2024-11-02T09:30:00+00:00
[2025-09-20T08:49:14.383+0000] {python.py:173} INFO - Done. Returned value was: None
[2025-09-20T08:49:14.585+0000] {taskinstance.py:1412} INFO - Marking task as SUCCESS. dag_id=sql_to_elastic, task_id=dataCleaning, execution_date=20241102T093000, start_date=20250920T084912, end_date=20250920T084914
[2025-09-20T08:49:14.745+0000] {local_task_job.py:156} INFO - Task exited with return code 0
[2025-09-20T08:49:15.639+0000] {local_task_job.py:279} INFO - 0 downstream tasks scheduled from follow-on schedule check
