[2025-09-20T08:49:57.407+0000] {taskinstance.py:1171} INFO - Dependencies all met for <TaskInstance: sql_to_elastic.dataCleaning scheduled__2024-12-14T09:30:00+00:00 [queued]>
[2025-09-20T08:49:57.427+0000] {taskinstance.py:1171} INFO - Dependencies all met for <TaskInstance: sql_to_elastic.dataCleaning scheduled__2024-12-14T09:30:00+00:00 [queued]>
[2025-09-20T08:49:57.429+0000] {taskinstance.py:1368} INFO - 
--------------------------------------------------------------------------------
[2025-09-20T08:49:57.430+0000] {taskinstance.py:1369} INFO - Starting attempt 1 of 2
[2025-09-20T08:49:57.431+0000] {taskinstance.py:1370} INFO - 
--------------------------------------------------------------------------------
[2025-09-20T08:49:57.466+0000] {taskinstance.py:1389} INFO - Executing <Task(PythonOperator): dataCleaning> on 2024-12-14 09:30:00+00:00
[2025-09-20T08:49:57.477+0000] {standard_task_runner.py:52} INFO - Started process 1263 to run task
[2025-09-20T08:49:57.501+0000] {standard_task_runner.py:79} INFO - Running: ['***', 'tasks', 'run', 'sql_to_elastic', 'dataCleaning', 'scheduled__2024-12-14T09:30:00+00:00', '--job-id', '71', '--raw', '--subdir', 'DAGS_FOLDER/dag.py', '--cfg-path', '/tmp/tmp9dv8kejz', '--error-file', '/tmp/tmpo9b47a5e']
[2025-09-20T08:49:57.504+0000] {standard_task_runner.py:80} INFO - Job 71: Subtask dataCleaning
[2025-09-20T08:49:57.697+0000] {task_command.py:371} INFO - Running <TaskInstance: sql_to_elastic.dataCleaning scheduled__2024-12-14T09:30:00+00:00 [running]> on host 564f5208acb9
[2025-09-20T08:49:57.854+0000] {taskinstance.py:1583} INFO - Exporting the following env vars:
AIRFLOW_CTX_DAG_OWNER=***
AIRFLOW_CTX_DAG_ID=sql_to_elastic
AIRFLOW_CTX_TASK_ID=dataCleaning
AIRFLOW_CTX_EXECUTION_DATE=2024-12-14T09:30:00+00:00
AIRFLOW_CTX_TRY_NUMBER=1
AIRFLOW_CTX_DAG_RUN_ID=scheduled__2024-12-14T09:30:00+00:00
[2025-09-20T08:49:57.910+0000] {python.py:173} INFO - Done. Returned value was: None
[2025-09-20T08:49:57.934+0000] {taskinstance.py:1412} INFO - Marking task as SUCCESS. dag_id=sql_to_elastic, task_id=dataCleaning, execution_date=20241214T093000, start_date=20250920T084957, end_date=20250920T084957
[2025-09-20T08:49:57.961+0000] {local_task_job.py:156} INFO - Task exited with return code 0
[2025-09-20T08:49:58.034+0000] {local_task_job.py:279} INFO - 1 downstream tasks scheduled from follow-on schedule check
