[2025-09-20T08:49:55.062+0000] {taskinstance.py:1171} INFO - Dependencies all met for <TaskInstance: sql_to_elastic.fetchDB scheduled__2024-12-21T09:20:00+00:00 [queued]>
[2025-09-20T08:49:55.084+0000] {taskinstance.py:1171} INFO - Dependencies all met for <TaskInstance: sql_to_elastic.fetchDB scheduled__2024-12-21T09:20:00+00:00 [queued]>
[2025-09-20T08:49:55.084+0000] {taskinstance.py:1368} INFO - 
--------------------------------------------------------------------------------
[2025-09-20T08:49:55.085+0000] {taskinstance.py:1369} INFO - Starting attempt 1 of 2
[2025-09-20T08:49:55.086+0000] {taskinstance.py:1370} INFO - 
--------------------------------------------------------------------------------
[2025-09-20T08:49:55.120+0000] {taskinstance.py:1389} INFO - Executing <Task(PythonOperator): fetchDB> on 2024-12-21 09:20:00+00:00
[2025-09-20T08:49:55.133+0000] {standard_task_runner.py:52} INFO - Started process 1252 to run task
[2025-09-20T08:49:55.145+0000] {standard_task_runner.py:79} INFO - Running: ['***', 'tasks', 'run', 'sql_to_elastic', 'fetchDB', 'scheduled__2024-12-21T09:20:00+00:00', '--job-id', '69', '--raw', '--subdir', 'DAGS_FOLDER/dag.py', '--cfg-path', '/tmp/tmp8fhxv5ao', '--error-file', '/tmp/tmpi4mgal8d']
[2025-09-20T08:49:55.153+0000] {standard_task_runner.py:80} INFO - Job 69: Subtask fetchDB
[2025-09-20T08:49:55.275+0000] {task_command.py:371} INFO - Running <TaskInstance: sql_to_elastic.fetchDB scheduled__2024-12-21T09:20:00+00:00 [running]> on host 564f5208acb9
[2025-09-20T08:49:55.436+0000] {taskinstance.py:1583} INFO - Exporting the following env vars:
AIRFLOW_CTX_DAG_OWNER=***
AIRFLOW_CTX_DAG_ID=sql_to_elastic
AIRFLOW_CTX_TASK_ID=fetchDB
AIRFLOW_CTX_EXECUTION_DATE=2024-12-21T09:20:00+00:00
AIRFLOW_CTX_TRY_NUMBER=1
AIRFLOW_CTX_DAG_RUN_ID=scheduled__2024-12-21T09:20:00+00:00
[2025-09-20T08:49:55.461+0000] {python.py:173} INFO - Done. Returned value was: None
[2025-09-20T08:49:55.481+0000] {taskinstance.py:1412} INFO - Marking task as SUCCESS. dag_id=sql_to_elastic, task_id=fetchDB, execution_date=20241221T092000, start_date=20250920T084955, end_date=20250920T084955
[2025-09-20T08:49:55.541+0000] {local_task_job.py:156} INFO - Task exited with return code 0
[2025-09-20T08:49:55.588+0000] {local_task_job.py:279} INFO - 1 downstream tasks scheduled from follow-on schedule check
