[2025-09-20T08:49:04.287+0000] {taskinstance.py:1171} INFO - Dependencies all met for <TaskInstance: sql_to_elastic.fetchDB scheduled__2024-11-23T09:10:00+00:00 [queued]>
[2025-09-20T08:49:04.665+0000] {taskinstance.py:1171} INFO - Dependencies all met for <TaskInstance: sql_to_elastic.fetchDB scheduled__2024-11-23T09:10:00+00:00 [queued]>
[2025-09-20T08:49:04.675+0000] {taskinstance.py:1368} INFO - 
--------------------------------------------------------------------------------
[2025-09-20T08:49:04.678+0000] {taskinstance.py:1369} INFO - Starting attempt 1 of 2
[2025-09-20T08:49:04.681+0000] {taskinstance.py:1370} INFO - 
--------------------------------------------------------------------------------
[2025-09-20T08:49:04.934+0000] {taskinstance.py:1389} INFO - Executing <Task(PythonOperator): fetchDB> on 2024-11-23 09:10:00+00:00
[2025-09-20T08:49:05.198+0000] {standard_task_runner.py:52} INFO - Started process 1103 to run task
[2025-09-20T08:49:05.359+0000] {standard_task_runner.py:79} INFO - Running: ['***', 'tasks', 'run', 'sql_to_elastic', 'fetchDB', 'scheduled__2024-11-23T09:10:00+00:00', '--job-id', '14', '--raw', '--subdir', 'DAGS_FOLDER/dag.py', '--cfg-path', '/tmp/tmpg2b21ddo', '--error-file', '/tmp/tmptk_ggb81']
[2025-09-20T08:49:05.392+0000] {standard_task_runner.py:80} INFO - Job 14: Subtask fetchDB
[2025-09-20T08:49:06.427+0000] {task_command.py:371} INFO - Running <TaskInstance: sql_to_elastic.fetchDB scheduled__2024-11-23T09:10:00+00:00 [running]> on host 564f5208acb9
[2025-09-20T08:49:07.367+0000] {taskinstance.py:1583} INFO - Exporting the following env vars:
AIRFLOW_CTX_DAG_OWNER=***
AIRFLOW_CTX_DAG_ID=sql_to_elastic
AIRFLOW_CTX_TASK_ID=fetchDB
AIRFLOW_CTX_EXECUTION_DATE=2024-11-23T09:10:00+00:00
AIRFLOW_CTX_TRY_NUMBER=1
AIRFLOW_CTX_DAG_RUN_ID=scheduled__2024-11-23T09:10:00+00:00
[2025-09-20T08:49:07.545+0000] {python.py:173} INFO - Done. Returned value was: None
[2025-09-20T08:49:08.075+0000] {taskinstance.py:1412} INFO - Marking task as SUCCESS. dag_id=sql_to_elastic, task_id=fetchDB, execution_date=20241123T091000, start_date=20250920T084904, end_date=20250920T084908
[2025-09-20T08:49:09.286+0000] {local_task_job.py:156} INFO - Task exited with return code 0
[2025-09-20T08:49:10.551+0000] {local_task_job.py:279} INFO - 0 downstream tasks scheduled from follow-on schedule check
