[2025-09-20T09:29:32.429+0000] {taskinstance.py:1171} INFO - Dependencies all met for <TaskInstance: sql_to_elastic.fetchDB manual__2025-09-20T09:29:30.330503+00:00 [queued]>
[2025-09-20T09:29:32.438+0000] {taskinstance.py:1171} INFO - Dependencies all met for <TaskInstance: sql_to_elastic.fetchDB manual__2025-09-20T09:29:30.330503+00:00 [queued]>
[2025-09-20T09:29:32.438+0000] {taskinstance.py:1368} INFO - 
--------------------------------------------------------------------------------
[2025-09-20T09:29:32.438+0000] {taskinstance.py:1369} INFO - Starting attempt 1 of 1
[2025-09-20T09:29:32.438+0000] {taskinstance.py:1370} INFO - 
--------------------------------------------------------------------------------
[2025-09-20T09:29:32.450+0000] {taskinstance.py:1389} INFO - Executing <Task(PythonOperator): fetchDB> on 2025-09-20 09:29:30.330503+00:00
[2025-09-20T09:29:32.456+0000] {standard_task_runner.py:52} INFO - Started process 2453 to run task
[2025-09-20T09:29:32.459+0000] {standard_task_runner.py:79} INFO - Running: ['***', 'tasks', 'run', 'sql_to_elastic', 'fetchDB', 'manual__2025-09-20T09:29:30.330503+00:00', '--job-id', '162', '--raw', '--subdir', 'DAGS_FOLDER/dag.py', '--cfg-path', '/tmp/tmp0pdt22yz', '--error-file', '/tmp/tmpjktx044x']
[2025-09-20T09:29:32.461+0000] {standard_task_runner.py:80} INFO - Job 162: Subtask fetchDB
[2025-09-20T09:29:32.523+0000] {task_command.py:371} INFO - Running <TaskInstance: sql_to_elastic.fetchDB manual__2025-09-20T09:29:30.330503+00:00 [running]> on host 564f5208acb9
[2025-09-20T09:29:32.608+0000] {taskinstance.py:1583} INFO - Exporting the following env vars:
AIRFLOW_CTX_DAG_OWNER=***
AIRFLOW_CTX_DAG_ID=sql_to_elastic
AIRFLOW_CTX_TASK_ID=fetchDB
AIRFLOW_CTX_EXECUTION_DATE=2025-09-20T09:29:30.330503+00:00
AIRFLOW_CTX_TRY_NUMBER=1
AIRFLOW_CTX_DAG_RUN_ID=manual__2025-09-20T09:29:30.330503+00:00
[2025-09-20T09:29:32.618+0000] {base.py:68} INFO - Using connection ID 'postgres_default' for task execution.
[2025-09-20T09:29:32.690+0000] {python.py:173} INFO - Done. Returned value was: None
[2025-09-20T09:29:32.699+0000] {taskinstance.py:1412} INFO - Marking task as SUCCESS. dag_id=sql_to_elastic, task_id=fetchDB, execution_date=20250920T092930, start_date=20250920T092932, end_date=20250920T092932
[2025-09-20T09:29:32.726+0000] {local_task_job.py:156} INFO - Task exited with return code 0
[2025-09-20T09:29:32.768+0000] {local_task_job.py:279} INFO - 1 downstream tasks scheduled from follow-on schedule check
